<?xml version="1.0" encoding="UTF-8"?>
<testsuite name="org.springframework.jmx.export.annotation.AnnotationMetadataAssemblerTests" tests="32" skipped="0" failures="0" errors="0" timestamp="2021-01-22T01:38:45" hostname="SUPERMAN" time="0.777">
  <properties/>
  <testcase name="testDescriptionNotNull()" classname="org.springframework.jmx.export.annotation.AnnotationMetadataAssemblerTests" time="0.128"/>
  <testcase name="testGetMBeanAttributeInfo()" classname="org.springframework.jmx.export.annotation.AnnotationMetadataAssemblerTests" time="0.028"/>
  <testcase name="testSetAttribute()" classname="org.springframework.jmx.export.annotation.AnnotationMetadataAssemblerTests" time="0.027"/>
  <testcase name="testAttributeInfoHasDescriptors()" classname="org.springframework.jmx.export.annotation.AnnotationMetadataAssemblerTests" time="0.024"/>
  <testcase name="testGetMBeanInfo()" classname="org.springframework.jmx.export.annotation.AnnotationMetadataAssemblerTests" time="0.024"/>
  <testcase name="testGetMBeanOperationInfo()" classname="org.springframework.jmx.export.annotation.AnnotationMetadataAssemblerTests" time="0.019"/>
  <testcase name="testRegisterOperations()" classname="org.springframework.jmx.export.annotation.AnnotationMetadataAssemblerTests" time="0.023"/>
  <testcase name="testRegisterAttributes()" classname="org.springframework.jmx.export.annotation.AnnotationMetadataAssemblerTests" time="0.019"/>
  <testcase name="testNotificationMetadata()" classname="org.springframework.jmx.export.annotation.AnnotationMetadataAssemblerTests" time="0.019"/>
  <testcase name="testAttributeHasCorrespondingOperations()" classname="org.springframework.jmx.export.annotation.AnnotationMetadataAssemblerTests" time="0.023"/>
  <testcase name="testMBeanRegistration()" classname="org.springframework.jmx.export.annotation.AnnotationMetadataAssemblerTests" time="0.015"/>
  <testcase name="testGetAttribute()" classname="org.springframework.jmx.export.annotation.AnnotationMetadataAssemblerTests" time="0.019"/>
  <testcase name="testOperationInvocation()" classname="org.springframework.jmx.export.annotation.AnnotationMetadataAssemblerTests" time="0.015"/>
  <testcase name="testOperationParameterMetadata()" classname="org.springframework.jmx.export.annotation.AnnotationMetadataAssemblerTests" time="0.02"/>
  <testcase name="testManagedResourceDescriptor()" classname="org.springframework.jmx.export.annotation.AnnotationMetadataAssemblerTests" time="0.018"/>
  <testcase name="testMetricDescriptor()" classname="org.springframework.jmx.export.annotation.AnnotationMetadataAssemblerTests" time="0.034"/>
  <testcase name="testOperationDescriptor()" classname="org.springframework.jmx.export.annotation.AnnotationMetadataAssemblerTests" time="0.019"/>
  <testcase name="testMetricDescription()" classname="org.springframework.jmx.export.annotation.AnnotationMetadataAssemblerTests" time="0.017"/>
  <testcase name="testWithOnlyGetter()" classname="org.springframework.jmx.export.annotation.AnnotationMetadataAssemblerTests" time="0.021"/>
  <testcase name="testReadWriteAttribute()" classname="org.springframework.jmx.export.annotation.AnnotationMetadataAssemblerTests" time="0.023"/>
  <testcase name="testWithOnlySetter()" classname="org.springframework.jmx.export.annotation.AnnotationMetadataAssemblerTests" time="0.02"/>
  <testcase name="testMetricDescriptorDefaults()" classname="org.springframework.jmx.export.annotation.AnnotationMetadataAssemblerTests" time="0.028"/>
  <testcase name="testAttributeDescriptionOnGetter()" classname="org.springframework.jmx.export.annotation.AnnotationMetadataAssemblerTests" time="0.018"/>
  <testcase name="testWithCglibProxy()" classname="org.springframework.jmx.export.annotation.AnnotationMetadataAssemblerTests" time="0.023"/>
  <testcase name="testReadOnlyAttribute()" classname="org.springframework.jmx.export.annotation.AnnotationMetadataAssemblerTests" time="0.016"/>
  <testcase name="testAttributeDescriptionOnSetter()" classname="org.springframework.jmx.export.annotation.AnnotationMetadataAssemblerTests" time="0.016"/>
  <testcase name="testDescription()" classname="org.springframework.jmx.export.annotation.AnnotationMetadataAssemblerTests" time="0.017"/>
  <testcase name="testAttributeDescriptor()" classname="org.springframework.jmx.export.annotation.AnnotationMetadataAssemblerTests" time="0.019"/>
  <testcase name="testRegistrationOnInterface()" classname="org.springframework.jmx.export.annotation.AnnotationMetadataAssemblerTests" time="0.017"/>
  <testcase name="testOperationOnGetter()" classname="org.springframework.jmx.export.annotation.AnnotationMetadataAssemblerTests" time="0.018"/>
  <testcase name="testOperationFromInterface()" classname="org.springframework.jmx.export.annotation.AnnotationMetadataAssemblerTests" time="0.02"/>
  <testcase name="testAttributeFromInterface()" classname="org.springframework.jmx.export.annotation.AnnotationMetadataAssemblerTests" time="0.018"/>
  <system-out><![CDATA[]]></system-out>
  <system-err><![CDATA[Jan 22, 2021 9:38:45 AM ClientIntermediary close
INFO: java.io.IOException: The connection is not currently established.
java.io.IOException: The connection is not currently established.
	at com.sun.jmx.remote.generic.ClientSynchroMessageConnectionImpl.checkState(ClientSynchroMessageConnectionImpl.java:617)
	at com.sun.jmx.remote.generic.ClientSynchroMessageConnectionImpl.sendOneWay(ClientSynchroMessageConnectionImpl.java:202)
	at javax.management.remote.generic.GenericConnector.close(GenericConnector.java:300)
	at javax.management.remote.generic.GenericConnector.close(GenericConnector.java:271)
	at javax.management.remote.generic.ClientIntermediary$GenericClientCommunicatorAdmin.doStop(ClientIntermediary.java:897)
	at com.sun.jmx.remote.opt.internal.ClientCommunicatorAdmin.restart(ClientCommunicatorAdmin.java:172)
	at com.sun.jmx.remote.opt.internal.ClientCommunicatorAdmin.gotIOException(ClientCommunicatorAdmin.java:73)
	at javax.management.remote.generic.GenericConnector$RequestHandler.execute(GenericConnector.java:662)
	at com.sun.jmx.remote.generic.ClientSynchroMessageConnectionImpl$RemoteJob.run(ClientSynchroMessageConnectionImpl.java:568)
	at com.sun.jmx.remote.opt.util.ThreadService$ThreadServiceJob.run(ThreadService.java:248)
	at com.sun.jmx.remote.opt.util.JobExecutor.run(JobExecutor.java:99)

Jan 22, 2021 9:38:46 AM ClientIntermediary close
INFO: java.io.IOException: The connection is not currently established.
java.io.IOException: The connection is not currently established.
	at com.sun.jmx.remote.generic.ClientSynchroMessageConnectionImpl.checkState(ClientSynchroMessageConnectionImpl.java:617)
	at com.sun.jmx.remote.generic.ClientSynchroMessageConnectionImpl.sendOneWay(ClientSynchroMessageConnectionImpl.java:202)
	at javax.management.remote.generic.GenericConnector.close(GenericConnector.java:300)
	at javax.management.remote.generic.GenericConnector.close(GenericConnector.java:271)
	at javax.management.remote.generic.ClientIntermediary$GenericClientCommunicatorAdmin.doStop(ClientIntermediary.java:897)
	at com.sun.jmx.remote.opt.internal.ClientCommunicatorAdmin.restart(ClientCommunicatorAdmin.java:172)
	at com.sun.jmx.remote.opt.internal.ClientCommunicatorAdmin.gotIOException(ClientCommunicatorAdmin.java:73)
	at javax.management.remote.generic.GenericConnector$RequestHandler.execute(GenericConnector.java:662)
	at com.sun.jmx.remote.generic.ClientSynchroMessageConnectionImpl$RemoteJob.run(ClientSynchroMessageConnectionImpl.java:568)
	at com.sun.jmx.remote.opt.util.ThreadService$ThreadServiceJob.run(ThreadService.java:248)
	at com.sun.jmx.remote.opt.util.JobExecutor.run(JobExecutor.java:99)

]]></system-err>
</testsuite>
