<?xml version="1.0" encoding="UTF-8"?>
<testsuite name="org.springframework.aop.aspectj.BeanNamePointcutAtAspectTests" tests="3" skipped="0" failures="0" errors="0" timestamp="2021-01-22T01:37:12" hostname="SUPERMAN" time="0.203">
  <properties/>
  <testcase name="testMatchingBeanName()" classname="org.springframework.aop.aspectj.BeanNamePointcutAtAspectTests" time="0.067"/>
  <testcase name="testProgrammaticProxyCreation()" classname="org.springframework.aop.aspectj.BeanNamePointcutAtAspectTests" time="0.081"/>
  <testcase name="testNonMatchingBeanName()" classname="org.springframework.aop.aspectj.BeanNamePointcutAtAspectTests" time="0.055"/>
  <system-out><![CDATA[]]></system-out>
  <system-err><![CDATA[]]></system-err>
</testsuite>
