<?xml version="1.0" encoding="UTF-8"?>
<testsuite name="org.springframework.scheduling.config.LazyScheduledTasksBeanDefinitionParserTests" tests="1" skipped="0" failures="0" errors="0" timestamp="2021-01-22T01:38:59" hostname="SUPERMAN" time="0.106">
  <properties/>
  <testcase name="checkTarget()" classname="org.springframework.scheduling.config.LazyScheduledTasksBeanDefinitionParserTests" time="0.106"/>
  <system-out><![CDATA[]]></system-out>
  <system-err><![CDATA[]]></system-err>
</testsuite>
