<?xml version="1.0" encoding="UTF-8"?>
<testsuite name="org.springframework.context.annotation.ReflectionUtilsIntegrationTests" tests="1" skipped="0" failures="0" errors="0" timestamp="2021-01-22T01:38:27" hostname="SUPERMAN" time="0.005">
  <properties/>
  <testcase name="getUniqueDeclaredMethods_withCovariantReturnType_andCglibRewrittenMethodNames()" classname="org.springframework.context.annotation.ReflectionUtilsIntegrationTests" time="0.005"/>
  <system-out><![CDATA[]]></system-out>
  <system-err><![CDATA[]]></system-err>
</testsuite>
