<?xml version="1.0" encoding="UTF-8"?>
<testsuite name="org.springframework.cache.annotation.AnnotationCacheOperationSourceTests" tests="28" skipped="0" failures="0" errors="0" timestamp="2021-01-22T01:37:28" hostname="SUPERMAN" time="0.221">
  <properties/>
  <testcase name="customCacheResolverInherited()" classname="org.springframework.cache.annotation.AnnotationCacheOperationSourceTests" time="0.056"/>
  <testcase name="multipleAnnotation()" classname="org.springframework.cache.annotation.AnnotationCacheOperationSourceTests" time="0.012"/>
  <testcase name="singleComposedAnnotation()" classname="org.springframework.cache.annotation.AnnotationCacheOperationSourceTests" time="0.008"/>
  <testcase name="customCacheResolver()" classname="org.springframework.cache.annotation.AnnotationCacheOperationSourceTests" time="0.001"/>
  <testcase name="cacheResolverAndCacheManagerCannotBeSetTogether()" classname="org.springframework.cache.annotation.AnnotationCacheOperationSourceTests" time="0.003"/>
  <testcase name="partialClassLevelWithCustomCacheResolver()" classname="org.springframework.cache.annotation.AnnotationCacheOperationSourceTests" time="0.034"/>
  <testcase name="severalCacheConfigUseClosest()" classname="org.springframework.cache.annotation.AnnotationCacheOperationSourceTests" time="0.003"/>
  <testcase name="fullClassLevelWithCustomCacheName()" classname="org.springframework.cache.annotation.AnnotationCacheOperationSourceTests" time="0.001"/>
  <testcase name="singularAnnotation()" classname="org.springframework.cache.annotation.AnnotationCacheOperationSourceTests" time="0.004"/>
  <testcase name="fullClassLevelWithCustomCacheResolver()" classname="org.springframework.cache.annotation.AnnotationCacheOperationSourceTests" time="0.001"/>
  <testcase name="partialClassLevelWithNoCustomization()" classname="org.springframework.cache.annotation.AnnotationCacheOperationSourceTests" time="0.001"/>
  <testcase name="fullClassLevelWithCustomKeyManager()" classname="org.springframework.cache.annotation.AnnotationCacheOperationSourceTests" time="0.005"/>
  <testcase name="customKeyGeneratorInherited()" classname="org.springframework.cache.annotation.AnnotationCacheOperationSourceTests" time="0.002"/>
  <testcase name="keyAndKeyGeneratorCannotBeSetTogether()" classname="org.springframework.cache.annotation.AnnotationCacheOperationSourceTests" time="0.003"/>
  <testcase name="multipleComposedAnnotations()" classname="org.springframework.cache.annotation.AnnotationCacheOperationSourceTests" time="0.009"/>
  <testcase name="fullClassLevelWithCustomCacheManager()" classname="org.springframework.cache.annotation.AnnotationCacheOperationSourceTests" time="0.001"/>
  <testcase name="validateNoCacheIsValid()" classname="org.springframework.cache.annotation.AnnotationCacheOperationSourceTests" time="0.001"/>
  <testcase name="emptyCaching()" classname="org.springframework.cache.annotation.AnnotationCacheOperationSourceTests" time="0.005"/>
  <testcase name="customCacheManager()" classname="org.springframework.cache.annotation.AnnotationCacheOperationSourceTests" time="0.001"/>
  <testcase name="caching()" classname="org.springframework.cache.annotation.AnnotationCacheOperationSourceTests" time="0.002"/>
  <testcase name="singularStereotype()" classname="org.springframework.cache.annotation.AnnotationCacheOperationSourceTests" time="0.007"/>
  <testcase name="cacheConfigFromInterface()" classname="org.springframework.cache.annotation.AnnotationCacheOperationSourceTests" time="0.007"/>
  <testcase name="cacheAnnotationOverride()" classname="org.springframework.cache.annotation.AnnotationCacheOperationSourceTests" time="0.003"/>
  <testcase name="multipleStereotypes()" classname="org.springframework.cache.annotation.AnnotationCacheOperationSourceTests" time="0.013"/>
  <testcase name="customCacheManagerInherited()" classname="org.springframework.cache.annotation.AnnotationCacheOperationSourceTests" time="0.002"/>
  <testcase name="customKeyGenerator()" classname="org.springframework.cache.annotation.AnnotationCacheOperationSourceTests" time="0.001"/>
  <testcase name="customClassLevelWithCustomCacheName()" classname="org.springframework.cache.annotation.AnnotationCacheOperationSourceTests" time="0.001"/>
  <testcase name="partialClassLevelWithCustomCacheManager()" classname="org.springframework.cache.annotation.AnnotationCacheOperationSourceTests" time="0.002"/>
  <system-out><![CDATA[]]></system-out>
  <system-err><![CDATA[]]></system-err>
</testsuite>
