<?xml version="1.0" encoding="UTF-8"?>
<testsuite name="org.springframework.jmx.export.assembler.InterfaceBasedMBeanInfoAssemblerTests" tests="13" skipped="0" failures="0" errors="0" timestamp="2021-01-22T01:38:47" hostname="SUPERMAN" time="0.52">
  <properties/>
  <testcase name="testDescriptionNotNull()" classname="org.springframework.jmx.export.assembler.InterfaceBasedMBeanInfoAssemblerTests" time="0.052"/>
  <testcase name="testGetMBeanAttributeInfo()" classname="org.springframework.jmx.export.assembler.InterfaceBasedMBeanInfoAssemblerTests" time="0.012"/>
  <testcase name="testSetAttribute()" classname="org.springframework.jmx.export.assembler.InterfaceBasedMBeanInfoAssemblerTests" time="0.011"/>
  <testcase name="testAttributeInfoHasDescriptors()" classname="org.springframework.jmx.export.assembler.InterfaceBasedMBeanInfoAssemblerTests" time="0.018"/>
  <testcase name="testGetMBeanInfo()" classname="org.springframework.jmx.export.assembler.InterfaceBasedMBeanInfoAssemblerTests" time="0.033"/>
  <testcase name="testGetMBeanOperationInfo()" classname="org.springframework.jmx.export.assembler.InterfaceBasedMBeanInfoAssemblerTests" time="0.013"/>
  <testcase name="testRegisterOperations()" classname="org.springframework.jmx.export.assembler.InterfaceBasedMBeanInfoAssemblerTests" time="0.116"/>
  <testcase name="testRegisterAttributes()" classname="org.springframework.jmx.export.assembler.InterfaceBasedMBeanInfoAssemblerTests" time="0.015"/>
  <testcase name="testNotificationMetadata()" classname="org.springframework.jmx.export.assembler.InterfaceBasedMBeanInfoAssemblerTests" time="0.127"/>
  <testcase name="testAttributeHasCorrespondingOperations()" classname="org.springframework.jmx.export.assembler.InterfaceBasedMBeanInfoAssemblerTests" time="0.051"/>
  <testcase name="testMBeanRegistration()" classname="org.springframework.jmx.export.assembler.InterfaceBasedMBeanInfoAssemblerTests" time="0.037"/>
  <testcase name="testGetAttribute()" classname="org.springframework.jmx.export.assembler.InterfaceBasedMBeanInfoAssemblerTests" time="0.016"/>
  <testcase name="testOperationInvocation()" classname="org.springframework.jmx.export.assembler.InterfaceBasedMBeanInfoAssemblerTests" time="0.015"/>
  <system-out><![CDATA[]]></system-out>
  <system-err><![CDATA[]]></system-err>
</testsuite>
