<?xml version="1.0" encoding="UTF-8"?>
<testsuite name="org.springframework.jndi.JndiPropertySourceTests" tests="5" skipped="0" failures="0" errors="0" timestamp="2021-01-22T01:38:50" hostname="SUPERMAN" time="0.01">
  <properties/>
  <testcase name="propertyWithColonInNonResourceRefMode()" classname="org.springframework.jndi.JndiPropertySourceTests" time="0.002"/>
  <testcase name="nameBoundWithPrefix()" classname="org.springframework.jndi.JndiPropertySourceTests" time="0.006"/>
  <testcase name="nonExistentProperty()" classname="org.springframework.jndi.JndiPropertySourceTests" time="0.0"/>
  <testcase name="nameBoundWithoutPrefix()" classname="org.springframework.jndi.JndiPropertySourceTests" time="0.001"/>
  <testcase name="propertyWithDefaultClauseInResourceRefMode()" classname="org.springframework.jndi.JndiPropertySourceTests" time="0.0"/>
  <system-out><![CDATA[]]></system-out>
  <system-err><![CDATA[]]></system-err>
</testsuite>
