<?xml version="1.0" encoding="UTF-8"?>
<testsuite name="org.springframework.aop.framework.autoproxy.BeanNameAutoProxyCreatorInitTests" tests="1" skipped="0" failures="0" errors="0" timestamp="2021-01-22T01:37:18" hostname="SUPERMAN" time="0.099">
  <properties/>
  <testcase name="testIgnoreAdvisorThatIsCurrentlyInCreation()" classname="org.springframework.aop.framework.autoproxy.BeanNameAutoProxyCreatorInitTests" time="0.099"/>
  <system-out><![CDATA[]]></system-out>
  <system-err><![CDATA[]]></system-err>
</testsuite>
