<?xml version="1.0" encoding="UTF-8"?>
<testsuite name="org.springframework.context.annotation.configuration.Spr12526Tests" tests="1" skipped="0" failures="0" errors="0" timestamp="2021-01-22T01:38:22" hostname="SUPERMAN" time="0.029">
  <properties/>
  <testcase name="testInjection()" classname="org.springframework.context.annotation.configuration.Spr12526Tests" time="0.029"/>
  <system-out><![CDATA[]]></system-out>
  <system-err><![CDATA[]]></system-err>
</testsuite>
