<?xml version="1.0" encoding="UTF-8"?>
<testsuite name="org.springframework.scripting.support.ScriptFactoryPostProcessorTests" tests="9" skipped="9" failures="0" errors="0" timestamp="2021-01-22T01:39:14" hostname="SUPERMAN" time="0.002">
  <properties/>
  <testcase name="testChangeScriptWithRefreshableBeanFunctionality()" classname="org.springframework.scripting.support.ScriptFactoryPostProcessorTests" time="0.0">
    <skipped/>
  </testcase>
  <testcase name="testForRefreshedScriptHavingErrorPickedUpOnFirstCall()" classname="org.springframework.scripting.support.ScriptFactoryPostProcessorTests" time="0.0">
    <skipped/>
  </testcase>
  <testcase name="testThrowsExceptionIfGivenNonAbstractBeanFactoryImplementation()" classname="org.springframework.scripting.support.ScriptFactoryPostProcessorTests" time="0.0">
    <skipped/>
  </testcase>
  <testcase name="testScriptHavingAReferenceToAnotherBean()" classname="org.springframework.scripting.support.ScriptFactoryPostProcessorTests" time="0.0">
    <skipped/>
  </testcase>
  <testcase name="testPrototypeScriptedBean()" classname="org.springframework.scripting.support.ScriptFactoryPostProcessorTests" time="0.0">
    <skipped/>
  </testcase>
  <testcase name="testChangeScriptWithNoRefreshableBeanFunctionality()" classname="org.springframework.scripting.support.ScriptFactoryPostProcessorTests" time="0.0">
    <skipped/>
  </testcase>
  <testcase name="testReferencesAcrossAContainerHierarchy()" classname="org.springframework.scripting.support.ScriptFactoryPostProcessorTests" time="0.0">
    <skipped/>
  </testcase>
  <testcase name="testDoesNothingWhenPostProcessingNonScriptFactoryTypeBeforeInstantiation()" classname="org.springframework.scripting.support.ScriptFactoryPostProcessorTests" time="0.0">
    <skipped/>
  </testcase>
  <testcase name="testRefreshedScriptReferencePropagatesToCollaborators()" classname="org.springframework.scripting.support.ScriptFactoryPostProcessorTests" time="0.0">
    <skipped/>
  </testcase>
  <system-out><![CDATA[]]></system-out>
  <system-err><![CDATA[]]></system-err>
</testsuite>
