<?xml version="1.0" encoding="UTF-8"?>
<testsuite name="org.springframework.context.expression.ApplicationContextExpressionTests" tests="5" skipped="0" failures="0" errors="0" timestamp="2021-01-22T01:38:30" hostname="SUPERMAN" time="0.173">
  <properties/>
  <testcase name="systemPropertiesSecurityManager()" classname="org.springframework.context.expression.ApplicationContextExpressionTests" time="0.065"/>
  <testcase name="prototypeCreationReevaluatesExpressions()" classname="org.springframework.context.expression.ApplicationContextExpressionTests" time="0.011"/>
  <testcase name="stringConcatenationWithDebugLogging()" classname="org.springframework.context.expression.ApplicationContextExpressionTests" time="0.008"/>
  <testcase name="resourceInjection()" classname="org.springframework.context.expression.ApplicationContextExpressionTests" time="0.037"/>
  <testcase name="genericApplicationContext()" classname="org.springframework.context.expression.ApplicationContextExpressionTests" time="0.05"/>
  <system-out><![CDATA[]]></system-out>
  <system-err><![CDATA[]]></system-err>
</testsuite>
