<?xml version="1.0" encoding="UTF-8"?>
<testsuite name="org.springframework.context.annotation.configuration.ConfigurationMetaAnnotationTests" tests="1" skipped="0" failures="0" errors="0" timestamp="2021-01-22T01:38:21" hostname="SUPERMAN" time="0.023">
  <properties/>
  <testcase name="customConfigurationStereotype()" classname="org.springframework.context.annotation.configuration.ConfigurationMetaAnnotationTests" time="0.023"/>
  <system-out><![CDATA[]]></system-out>
  <system-err><![CDATA[]]></system-err>
</testsuite>
