<?xml version="1.0" encoding="UTF-8"?>
<testsuite name="org.springframework.jmx.access.MBeanClientInterceptorTests" tests="14" skipped="0" failures="0" errors="0" timestamp="2021-01-22T01:38:42" hostname="SUPERMAN" time="0.374">
  <properties/>
  <testcase name="invokeUnexposedMethodWithException()" classname="org.springframework.jmx.access.MBeanClientInterceptorTests" time="0.086"/>
  <testcase name="invokeNoArgs()" classname="org.springframework.jmx.access.MBeanClientInterceptorTests" time="0.008"/>
  <testcase name="differentProxiesSameClass()" classname="org.springframework.jmx.access.MBeanClientInterceptorTests" time="0.004"/>
  <testcase name="setReadOnlyAttribute()" classname="org.springframework.jmx.access.MBeanClientInterceptorTests" time="0.002"/>
  <testcase name="proxyClassIsDifferent()" classname="org.springframework.jmx.access.MBeanClientInterceptorTests" time="0.002"/>
  <testcase name="lazyConnectionToRemote()" classname="org.springframework.jmx.access.MBeanClientInterceptorTests" time="0.205"/>
  <testcase name="setAttributeValueWithIOException()" classname="org.springframework.jmx.access.MBeanClientInterceptorTests" time="0.009"/>
  <testcase name="mxBeanOperationAccess()" classname="org.springframework.jmx.access.MBeanClientInterceptorTests" time="0.02"/>
  <testcase name="setAttributeValue()" classname="org.springframework.jmx.access.MBeanClientInterceptorTests" time="0.002"/>
  <testcase name="setAttributeValueWithCheckedException()" classname="org.springframework.jmx.access.MBeanClientInterceptorTests" time="0.003"/>
  <testcase name="mxBeanAttributeAccess()" classname="org.springframework.jmx.access.MBeanClientInterceptorTests" time="0.018"/>
  <testcase name="invokeArgs()" classname="org.springframework.jmx.access.MBeanClientInterceptorTests" time="0.002"/>
  <testcase name="setAttributeValueWithRuntimeException()" classname="org.springframework.jmx.access.MBeanClientInterceptorTests" time="0.003"/>
  <testcase name="getAttributeValue()" classname="org.springframework.jmx.access.MBeanClientInterceptorTests" time="0.002"/>
  <system-out><![CDATA[]]></system-out>
  <system-err><![CDATA[]]></system-err>
</testsuite>
