<?xml version="1.0" encoding="UTF-8"?>
<testsuite name="org.springframework.aop.config.AopNamespaceHandlerArgNamesTests" tests="2" skipped="0" failures="0" errors="0" timestamp="2021-01-22T01:37:16" hostname="SUPERMAN" time="0.112">
  <properties/>
  <testcase name="testArgNamesError()" classname="org.springframework.aop.config.AopNamespaceHandlerArgNamesTests" time="0.044"/>
  <testcase name="testArgNamesOK()" classname="org.springframework.aop.config.AopNamespaceHandlerArgNamesTests" time="0.068"/>
  <system-out><![CDATA[09:37:16.339 [Test worker] WARN  o.s.c.s.ClassPathXmlApplicationContext - Exception encountered during context initialization - cancelling refresh attempt: org.springframework.beans.factory.BeanCreationException: Error creating bean with name 'org.springframework.aop.aspectj.AspectJPointcutAdvisor#0': Cannot create inner bean '(inner bean)#212490d5' of type [org.springframework.aop.aspectj.AspectJMethodBeforeAdvice] while setting constructor argument; nested exception is org.springframework.beans.factory.BeanCreationException: Error creating bean with name '(inner bean)#212490d5': Error setting property values; nested exception is org.springframework.beans.PropertyBatchUpdateException; nested PropertyAccessExceptions (1) are:
PropertyAccessException 1: org.springframework.beans.MethodInvocationException: Property 'argumentNames' threw exception; nested exception is java.lang.IllegalArgumentException: 'argumentNames' property of AbstractAspectJAdvice contains an argument name 'age bean' that is not a valid Java identifier
]]></system-out>
  <system-err><![CDATA[]]></system-err>
</testsuite>
