<?xml version="1.0" encoding="UTF-8"?>
<testsuite name="org.springframework.context.support.DefaultLifecycleProcessorTests" tests="20" skipped="5" failures="0" errors="0" timestamp="2021-01-22T01:38:36" hostname="SUPERMAN" time="0.983">
  <properties/>
  <testcase name="dependencyStartedFirstAndIsSmartLifecycle()" classname="org.springframework.context.support.DefaultLifecycleProcessorTests" time="0.015"/>
  <testcase name="dependentShutdownFirstButNotSmartLifecycle()" classname="org.springframework.context.support.DefaultLifecycleProcessorTests" time="0.0">
    <skipped/>
  </testcase>
  <testcase name="singleSmartLifecycleAutoStartup()" classname="org.springframework.context.support.DefaultLifecycleProcessorTests" time="0.003"/>
  <testcase name="defaultLifecycleProcessorInstance()" classname="org.springframework.context.support.DefaultLifecycleProcessorTests" time="0.012"/>
  <testcase name="mixedShutdown()" classname="org.springframework.context.support.DefaultLifecycleProcessorTests" time="0.914"/>
  <testcase name="singleLifecycleShutdown()" classname="org.springframework.context.support.DefaultLifecycleProcessorTests" time="0.0"/>
  <testcase name="dependencyStartedFirstButNotSmartLifecycle()" classname="org.springframework.context.support.DefaultLifecycleProcessorTests" time="0.001"/>
  <testcase name="customLifecycleProcessorInstance()" classname="org.springframework.context.support.DefaultLifecycleProcessorTests" time="0.006"/>
  <testcase name="singleSmartLifecycleAutoStartupWithNonAutoStartupDependency()" classname="org.springframework.context.support.DefaultLifecycleProcessorTests" time="0.002"/>
  <testcase name="singleSmartLifecycleWithoutAutoStartup()" classname="org.springframework.context.support.DefaultLifecycleProcessorTests" time="0.002"/>
  <testcase name="dependencyStartedFirstEvenIfItsPhaseIsHigher()" classname="org.springframework.context.support.DefaultLifecycleProcessorTests" time="0.003"/>
  <testcase name="smartLifecycleGroupShutdown()" classname="org.springframework.context.support.DefaultLifecycleProcessorTests" time="0.0">
    <skipped/>
  </testcase>
  <testcase name="singleSmartLifecycleShutdown()" classname="org.springframework.context.support.DefaultLifecycleProcessorTests" time="0.0">
    <skipped/>
  </testcase>
  <testcase name="singleSmartLifecycleAutoStartupWithLazyInitFactoryBean()" classname="org.springframework.context.support.DefaultLifecycleProcessorTests" time="0.002"/>
  <testcase name="contextRefreshThenStopAndRestartWithMixedBeans()" classname="org.springframework.context.support.DefaultLifecycleProcessorTests" time="0.007"/>
  <testcase name="smartLifecycleGroupStartup()" classname="org.springframework.context.support.DefaultLifecycleProcessorTests" time="0.008"/>
  <testcase name="singleSmartLifecycleAutoStartupWithLazyInit()" classname="org.springframework.context.support.DefaultLifecycleProcessorTests" time="0.001"/>
  <testcase name="dependentShutdownFirstEvenIfItsPhaseIsLower()" classname="org.springframework.context.support.DefaultLifecycleProcessorTests" time="0.0">
    <skipped/>
  </testcase>
  <testcase name="contextRefreshThenStartWithMixedBeans()" classname="org.springframework.context.support.DefaultLifecycleProcessorTests" time="0.001"/>
  <testcase name="dependentShutdownFirstAndIsSmartLifecycle()" classname="org.springframework.context.support.DefaultLifecycleProcessorTests" time="0.0">
    <skipped/>
  </testcase>
  <system-out><![CDATA[]]></system-out>
  <system-err><![CDATA[]]></system-err>
</testsuite>
