<?xml version="1.0" encoding="UTF-8"?>
<testsuite name="org.springframework.context.support.BeanFactoryPostProcessorTests" tests="9" skipped="0" failures="0" errors="0" timestamp="2021-01-22T01:38:32" hostname="SUPERMAN" time="0.034">
  <properties/>
  <testcase name="testDefinedBeanFactoryPostProcessor()" classname="org.springframework.context.support.BeanFactoryPostProcessorTests" time="0.001"/>
  <testcase name="testBeanFactoryPostProcessorWithInnerBeanAsApplicationListener()" classname="org.springframework.context.support.BeanFactoryPostProcessorTests" time="0.004"/>
  <testcase name="testRegisteredBeanFactoryPostProcessor()" classname="org.springframework.context.support.BeanFactoryPostProcessorTests" time="0.001"/>
  <testcase name="testMultipleDefinedBeanFactoryPostProcessors()" classname="org.springframework.context.support.BeanFactoryPostProcessorTests" time="0.01"/>
  <testcase name="testBeanFactoryPostProcessorNotExecutedByBeanFactory()" classname="org.springframework.context.support.BeanFactoryPostProcessorTests" time="0.001"/>
  <testcase name="testBeanDefinitionRegistryPostProcessor()" classname="org.springframework.context.support.BeanFactoryPostProcessorTests" time="0.002"/>
  <testcase name="testBeanFactoryPostProcessorAsApplicationListener()" classname="org.springframework.context.support.BeanFactoryPostProcessorTests" time="0.001"/>
  <testcase name="testBeanDefinitionRegistryPostProcessorRegisteringAnother()" classname="org.springframework.context.support.BeanFactoryPostProcessorTests" time="0.003"/>
  <testcase name="testPrioritizedBeanDefinitionRegistryPostProcessorRegisteringAnother()" classname="org.springframework.context.support.BeanFactoryPostProcessorTests" time="0.002"/>
  <system-out><![CDATA[]]></system-out>
  <system-err><![CDATA[]]></system-err>
</testsuite>
