<?xml version="1.0" encoding="UTF-8"?>
<testsuite name="org.springframework.context.support.EnvironmentIntegrationTests" tests="1" skipped="0" failures="0" errors="0" timestamp="2021-01-22T01:38:37" hostname="SUPERMAN" time="0.002">
  <properties/>
  <testcase name="repro()" classname="org.springframework.context.support.EnvironmentIntegrationTests" time="0.002"/>
  <system-out><![CDATA[]]></system-out>
  <system-err><![CDATA[]]></system-err>
</testsuite>
