<?xml version="1.0" encoding="UTF-8"?>
<testsuite name="org.springframework.cache.concurrent.ConcurrentMapCacheManagerTests" tests="3" skipped="0" failures="0" errors="0" timestamp="2021-01-22T01:37:29" hostname="SUPERMAN" time="0.003">
  <properties/>
  <testcase name="testDynamicMode()" classname="org.springframework.cache.concurrent.ConcurrentMapCacheManagerTests" time="0.001"/>
  <testcase name="testChangeStoreByValue()" classname="org.springframework.cache.concurrent.ConcurrentMapCacheManagerTests" time="0.001"/>
  <testcase name="testStaticMode()" classname="org.springframework.cache.concurrent.ConcurrentMapCacheManagerTests" time="0.0"/>
  <system-out><![CDATA[]]></system-out>
  <system-err><![CDATA[]]></system-err>
</testsuite>
