<?xml version="1.0" encoding="UTF-8"?>
<testsuite name="org.springframework.context.conversionservice.ConversionServiceContextConfigTests" tests="1" skipped="0" failures="0" errors="0" timestamp="2021-01-22T01:38:28" hostname="SUPERMAN" time="0.084">
  <properties/>
  <testcase name="testConfigOk()" classname="org.springframework.context.conversionservice.ConversionServiceContextConfigTests" time="0.084"/>
  <system-out><![CDATA[]]></system-out>
  <system-err><![CDATA[]]></system-err>
</testsuite>
