<?xml version="1.0" encoding="UTF-8"?>
<testsuite name="org.springframework.context.annotation.AutoProxyLazyInitTests" tests="4" skipped="0" failures="0" errors="0" timestamp="2021-01-22T01:37:42" hostname="SUPERMAN" time="0.083">
  <properties/>
  <testcase name="withNonStaticBeanMethodAndInterface()" classname="org.springframework.context.annotation.AutoProxyLazyInitTests" time="0.032"/>
  <testcase name="withStaticBeanMethodAndInterface()" classname="org.springframework.context.annotation.AutoProxyLazyInitTests" time="0.015"/>
  <testcase name="withStaticBeanMethod()" classname="org.springframework.context.annotation.AutoProxyLazyInitTests" time="0.014"/>
  <testcase name="withNonStaticBeanMethod()" classname="org.springframework.context.annotation.AutoProxyLazyInitTests" time="0.021"/>
  <system-out><![CDATA[]]></system-out>
  <system-err><![CDATA[]]></system-err>
</testsuite>
