<?xml version="1.0" encoding="UTF-8"?>
<testsuite name="org.springframework.aop.aspectj.BeforeAdviceBindingTests" tests="5" skipped="0" failures="0" errors="0" timestamp="2021-01-22T01:37:13" hostname="SUPERMAN" time="0.197">
  <properties/>
  <testcase name="testOneObjectArgBoundToProxyUsingThis()" classname="org.springframework.aop.aspectj.BeforeAdviceBindingTests" time="0.053"/>
  <testcase name="testNeedsJoinPoint()" classname="org.springframework.aop.aspectj.BeforeAdviceBindingTests" time="0.038"/>
  <testcase name="testOneIntAndOneObjectArgs()" classname="org.springframework.aop.aspectj.BeforeAdviceBindingTests" time="0.039"/>
  <testcase name="testNeedsJoinPointStaticPart()" classname="org.springframework.aop.aspectj.BeforeAdviceBindingTests" time="0.034"/>
  <testcase name="testOneIntArg()" classname="org.springframework.aop.aspectj.BeforeAdviceBindingTests" time="0.031"/>
  <system-out><![CDATA[]]></system-out>
  <system-err><![CDATA[]]></system-err>
</testsuite>
