<?xml version="1.0" encoding="UTF-8"?>
<testsuite name="org.springframework.cache.config.CacheAdviceParserTests" tests="1" skipped="0" failures="0" errors="0" timestamp="2021-01-22T01:37:37" hostname="SUPERMAN" time="0.064">
  <properties/>
  <testcase name="keyAndKeyGeneratorCannotBeSetTogether()" classname="org.springframework.cache.config.CacheAdviceParserTests" time="0.064"/>
  <system-out><![CDATA[]]></system-out>
  <system-err><![CDATA[]]></system-err>
</testsuite>
