<?xml version="1.0" encoding="UTF-8"?>
<testsuite name="org.springframework.context.annotation.configuration.Spr7167Tests" tests="1" skipped="0" failures="0" errors="0" timestamp="2021-01-22T01:38:22" hostname="SUPERMAN" time="0.019">
  <properties/>
  <testcase name="test()" classname="org.springframework.context.annotation.configuration.Spr7167Tests" time="0.019"/>
  <system-out><![CDATA[]]></system-out>
  <system-err><![CDATA[]]></system-err>
</testsuite>
