<?xml version="1.0" encoding="UTF-8"?>
<testsuite name="org.springframework.context.annotation.DestroyMethodInferenceTests" tests="2" skipped="0" failures="0" errors="0" timestamp="2021-01-22T01:38:23" hostname="SUPERMAN" time="0.057">
  <properties/>
  <testcase name="beanMethods()" classname="org.springframework.context.annotation.DestroyMethodInferenceTests" time="0.019"/>
  <testcase name="xml()" classname="org.springframework.context.annotation.DestroyMethodInferenceTests" time="0.038"/>
  <system-out><![CDATA[]]></system-out>
  <system-err><![CDATA[]]></system-err>
</testsuite>
