<?xml version="1.0" encoding="UTF-8"?>
<testsuite name="org.springframework.scripting.support.RefreshableScriptTargetSourceTests" tests="1" skipped="0" failures="0" errors="0" timestamp="2021-01-22T01:39:14" hostname="SUPERMAN" time="0.0">
  <properties/>
  <testcase name="createWithNullScriptSource()" classname="org.springframework.scripting.support.RefreshableScriptTargetSourceTests" time="0.0"/>
  <system-out><![CDATA[]]></system-out>
  <system-err><![CDATA[]]></system-err>
</testsuite>
