<?xml version="1.0" encoding="UTF-8"?>
<testsuite name="org.springframework.remoting.support.RemoteInvocationUtilsTests" tests="2" skipped="0" failures="0" errors="0" timestamp="2021-01-22T01:38:50" hostname="SUPERMAN" time="0.01">
  <properties/>
  <testcase name="fillInClientStackTraceIfPossibleWithNullThrowable()" classname="org.springframework.remoting.support.RemoteInvocationUtilsTests" time="0.007"/>
  <testcase name="fillInClientStackTraceIfPossibleSunnyDay()" classname="org.springframework.remoting.support.RemoteInvocationUtilsTests" time="0.003"/>
  <system-out><![CDATA[]]></system-out>
  <system-err><![CDATA[]]></system-err>
</testsuite>
