<?xml version="1.0" encoding="UTF-8"?>
<testsuite name="org.springframework.scheduling.annotation.AsyncAnnotationBeanPostProcessorTests" tests="11" skipped="0" failures="0" errors="0" timestamp="2021-01-22T01:38:51" hostname="SUPERMAN" time="0.404">
  <properties/>
  <testcase name="configuredThroughNamespace()" classname="org.springframework.scheduling.annotation.AsyncAnnotationBeanPostProcessorTests" time="0.225"/>
  <testcase name="taskExecutorByBeanName()" classname="org.springframework.scheduling.annotation.AsyncAnnotationBeanPostProcessorTests" time="0.034"/>
  <testcase name="taskExecutorByBeanType()" classname="org.springframework.scheduling.annotation.AsyncAnnotationBeanPostProcessorTests" time="0.006"/>
  <testcase name="exceptionHandlerThrowsUnexpectedException()" classname="org.springframework.scheduling.annotation.AsyncAnnotationBeanPostProcessorTests" time="0.002"/>
  <testcase name="handleExceptionWithCustomExceptionHandler()" classname="org.springframework.scheduling.annotation.AsyncAnnotationBeanPostProcessorTests" time="0.01"/>
  <testcase name="threadNamePrefix()" classname="org.springframework.scheduling.annotation.AsyncAnnotationBeanPostProcessorTests" time="0.002"/>
  <testcase name="handleExceptionWithFuture()" classname="org.springframework.scheduling.annotation.AsyncAnnotationBeanPostProcessorTests" time="0.021"/>
  <testcase name="proxyCreated()" classname="org.springframework.scheduling.annotation.AsyncAnnotationBeanPostProcessorTests" time="0.001"/>
  <testcase name="handleExceptionWithListenableFuture()" classname="org.springframework.scheduling.annotation.AsyncAnnotationBeanPostProcessorTests" time="0.051"/>
  <testcase name="invokedAsynchronously()" classname="org.springframework.scheduling.annotation.AsyncAnnotationBeanPostProcessorTests" time="0.022"/>
  <testcase name="invokedAsynchronouslyOnProxyTarget()" classname="org.springframework.scheduling.annotation.AsyncAnnotationBeanPostProcessorTests" time="0.027"/>
  <system-out><![CDATA[]]></system-out>
  <system-err><![CDATA[]]></system-err>
</testsuite>
