<?xml version="1.0" encoding="UTF-8"?>
<testsuite name="org.springframework.scheduling.concurrent.ConcurrentTaskExecutorTests" tests="17" skipped="0" failures="0" errors="0" timestamp="2021-01-22T01:38:53" hostname="SUPERMAN" time="1.192">
  <properties/>
  <testcase name="submitCallableWithGetAfterShutdown()" classname="org.springframework.scheduling.concurrent.ConcurrentTaskExecutorTests" time="0.08"/>
  <testcase name="submitListenableCallableWithGetAfterShutdown()" classname="org.springframework.scheduling.concurrent.ConcurrentTaskExecutorTests" time="0.003"/>
  <testcase name="submitListenableCallable()" classname="org.springframework.scheduling.concurrent.ConcurrentTaskExecutorTests" time="0.045"/>
  <testcase name="executeRunnable()" classname="org.springframework.scheduling.concurrent.ConcurrentTaskExecutorTests" time="0.051"/>
  <testcase name="submitListenableRunnable()" classname="org.springframework.scheduling.concurrent.ConcurrentTaskExecutorTests" time="0.032"/>
  <testcase name="submitFailingCallable()" classname="org.springframework.scheduling.concurrent.ConcurrentTaskExecutorTests" time="0.034"/>
  <testcase name="submitCallable()" classname="org.springframework.scheduling.concurrent.ConcurrentTaskExecutorTests" time="0.023"/>
  <testcase name="submitFailingListenableCallable()" classname="org.springframework.scheduling.concurrent.ConcurrentTaskExecutorTests" time="0.088"/>
  <testcase name="submitRunnableWithGetAfterShutdown()" classname="org.springframework.scheduling.concurrent.ConcurrentTaskExecutorTests" time="0.09"/>
  <testcase name="submitListenableRunnableWithGetAfterShutdown()" classname="org.springframework.scheduling.concurrent.ConcurrentTaskExecutorTests" time="0.352"/>
  <testcase name="submitFailingRunnable()" classname="org.springframework.scheduling.concurrent.ConcurrentTaskExecutorTests" time="0.157"/>
  <testcase name="submitRunnable()" classname="org.springframework.scheduling.concurrent.ConcurrentTaskExecutorTests" time="0.115"/>
  <testcase name="executeFailingRunnable()" classname="org.springframework.scheduling.concurrent.ConcurrentTaskExecutorTests" time="0.088"/>
  <testcase name="submitFailingListenableRunnable()" classname="org.springframework.scheduling.concurrent.ConcurrentTaskExecutorTests" time="0.022"/>
  <testcase name="passingNullExecutorToCtorResultsInDefaultTaskExecutorBeingUsed()" classname="org.springframework.scheduling.concurrent.ConcurrentTaskExecutorTests" time="0.006"/>
  <testcase name="passingNullExecutorToSetterResultsInDefaultTaskExecutorBeingUsed()" classname="org.springframework.scheduling.concurrent.ConcurrentTaskExecutorTests" time="0.002"/>
  <testcase name="zeroArgCtorResultsInDefaultTaskExecutorBeingUsed()" classname="org.springframework.scheduling.concurrent.ConcurrentTaskExecutorTests" time="0.001"/>
  <system-out><![CDATA[]]></system-out>
  <system-err><![CDATA[]]></system-err>
</testsuite>
