<?xml version="1.0" encoding="UTF-8"?>
<testsuite name="org.springframework.scheduling.config.SchedulerBeanDefinitionParserTests" tests="3" skipped="0" failures="0" errors="0" timestamp="2021-01-22T01:38:59" hostname="SUPERMAN" time="0.062">
  <properties/>
  <testcase name="customScheduler()" classname="org.springframework.scheduling.config.SchedulerBeanDefinitionParserTests" time="0.022"/>
  <testcase name="threadNamePrefix()" classname="org.springframework.scheduling.config.SchedulerBeanDefinitionParserTests" time="0.016"/>
  <testcase name="defaultScheduler()" classname="org.springframework.scheduling.config.SchedulerBeanDefinitionParserTests" time="0.024"/>
  <system-out><![CDATA[]]></system-out>
  <system-err><![CDATA[]]></system-err>
</testsuite>
