<?xml version="1.0" encoding="UTF-8"?>
<testsuite name="org.springframework.aop.config.AopNamespaceHandlerThrowingTests" tests="2" skipped="0" failures="0" errors="0" timestamp="2021-01-22T01:37:17" hostname="SUPERMAN" time="0.096">
  <properties/>
  <testcase name="testThrowingOnThrowingAdvice()" classname="org.springframework.aop.config.AopNamespaceHandlerThrowingTests" time="0.066"/>
  <testcase name="testParseThrowingOnOtherAdviceType()" classname="org.springframework.aop.config.AopNamespaceHandlerThrowingTests" time="0.03"/>
  <system-out><![CDATA[]]></system-out>
  <system-err><![CDATA[]]></system-err>
</testsuite>
