<?xml version="1.0" encoding="UTF-8"?>
<testsuite name="org.springframework.context.index.CandidateComponentsIndexTests" tests="5" skipped="0" failures="0" errors="0" timestamp="2021-01-22T01:38:32" hostname="SUPERMAN" time="0.005">
  <properties/>
  <testcase name="mergeCandidateStereotypes()" classname="org.springframework.context.index.CandidateComponentsIndexTests" time="0.0"/>
  <testcase name="getCandidateTypesSubPackageNoMatch()" classname="org.springframework.context.index.CandidateComponentsIndexTests" time="0.003"/>
  <testcase name="getCandidateTypes()" classname="org.springframework.context.index.CandidateComponentsIndexTests" time="0.0"/>
  <testcase name="getCandidateTypesSubPackage()" classname="org.springframework.context.index.CandidateComponentsIndexTests" time="0.001"/>
  <testcase name="getCandidateTypesNoMatch()" classname="org.springframework.context.index.CandidateComponentsIndexTests" time="0.0"/>
  <system-out><![CDATA[]]></system-out>
  <system-err><![CDATA[]]></system-err>
</testsuite>
