<?xml version="1.0" encoding="UTF-8"?>
<testsuite name="org.springframework.jmx.access.RemoteMBeanClientInterceptorTests" tests="14" skipped="0" failures="0" errors="0" timestamp="2021-01-22T01:38:43" hostname="SUPERMAN" time="1.469">
  <properties/>
  <testcase name="invokeUnexposedMethodWithException()" classname="org.springframework.jmx.access.RemoteMBeanClientInterceptorTests" time="0.124"/>
  <testcase name="invokeNoArgs()" classname="org.springframework.jmx.access.RemoteMBeanClientInterceptorTests" time="0.12"/>
  <testcase name="differentProxiesSameClass()" classname="org.springframework.jmx.access.RemoteMBeanClientInterceptorTests" time="0.124"/>
  <testcase name="setReadOnlyAttribute()" classname="org.springframework.jmx.access.RemoteMBeanClientInterceptorTests" time="0.124"/>
  <testcase name="proxyClassIsDifferent()" classname="org.springframework.jmx.access.RemoteMBeanClientInterceptorTests" time="0.11"/>
  <testcase name="lazyConnectionToRemote()" classname="org.springframework.jmx.access.RemoteMBeanClientInterceptorTests" time="0.04"/>
  <testcase name="setAttributeValueWithIOException()" classname="org.springframework.jmx.access.RemoteMBeanClientInterceptorTests" time="0.13"/>
  <testcase name="mxBeanOperationAccess()" classname="org.springframework.jmx.access.RemoteMBeanClientInterceptorTests" time="0.007"/>
  <testcase name="setAttributeValue()" classname="org.springframework.jmx.access.RemoteMBeanClientInterceptorTests" time="0.128"/>
  <testcase name="setAttributeValueWithCheckedException()" classname="org.springframework.jmx.access.RemoteMBeanClientInterceptorTests" time="0.117"/>
  <testcase name="mxBeanAttributeAccess()" classname="org.springframework.jmx.access.RemoteMBeanClientInterceptorTests" time="0.01"/>
  <testcase name="invokeArgs()" classname="org.springframework.jmx.access.RemoteMBeanClientInterceptorTests" time="0.153"/>
  <testcase name="setAttributeValueWithRuntimeException()" classname="org.springframework.jmx.access.RemoteMBeanClientInterceptorTests" time="0.138"/>
  <testcase name="getAttributeValue()" classname="org.springframework.jmx.access.RemoteMBeanClientInterceptorTests" time="0.13"/>
  <system-out><![CDATA[]]></system-out>
  <system-err><![CDATA[Jan 22, 2021 9:38:44 AM ClientCommunicatorAdmin restart
WARNING: Failed to restart: java.net.ConnectException: Connection refused: connect
Jan 22, 2021 9:38:44 AM ClientCommunicatorAdmin restart
WARNING: Failed to restart: java.net.ConnectException: Connection refused: connect
]]></system-err>
</testsuite>
