<?xml version="1.0" encoding="UTF-8"?>
<testsuite name="org.springframework.aop.framework.autoproxy.BeanNameAutoProxyCreatorTests" tests="9" skipped="0" failures="0" errors="0" timestamp="2021-01-22T01:37:18" hostname="SUPERMAN" time="0.197">
  <properties/>
  <testcase name="jdkIntroduction()" classname="org.springframework.aop.framework.autoproxy.BeanNameAutoProxyCreatorTests" time="0.004"/>
  <testcase name="withFrozenProxy()" classname="org.springframework.aop.framework.autoproxy.BeanNameAutoProxyCreatorTests" time="0.001"/>
  <testcase name="cglibProxyWithWildcardMatch()" classname="org.springframework.aop.framework.autoproxy.BeanNameAutoProxyCreatorTests" time="0.01"/>
  <testcase name="proxyWithExactNameMatch()" classname="org.springframework.aop.framework.autoproxy.BeanNameAutoProxyCreatorTests" time="0.002"/>
  <testcase name="proxyWithWildcardMatch()" classname="org.springframework.aop.framework.autoproxy.BeanNameAutoProxyCreatorTests" time="0.001"/>
  <testcase name="customTargetSourceCreatorsApplyOnlyToConfiguredBeanNames()" classname="org.springframework.aop.framework.autoproxy.BeanNameAutoProxyCreatorTests" time="0.002"/>
  <testcase name="jdkIntroductionAppliesToCreatedObjectsNotFactoryBean()" classname="org.springframework.aop.framework.autoproxy.BeanNameAutoProxyCreatorTests" time="0.002"/>
  <testcase name="proxyWithDoubleProxying()" classname="org.springframework.aop.framework.autoproxy.BeanNameAutoProxyCreatorTests" time="0.001"/>
  <testcase name="noProxy()" classname="org.springframework.aop.framework.autoproxy.BeanNameAutoProxyCreatorTests" time="0.0"/>
  <system-out><![CDATA[]]></system-out>
  <system-err><![CDATA[]]></system-err>
</testsuite>
