<?xml version="1.0" encoding="UTF-8"?>
<testsuite name="org.springframework.beans.factory.xml.support.CustomNamespaceHandlerTests" tests="9" skipped="0" failures="0" errors="0" timestamp="2021-01-22T01:37:24" hostname="SUPERMAN" time="0.443">
  <properties/>
  <testcase name="testDecorationViaAttribute()" classname="org.springframework.beans.factory.xml.support.CustomNamespaceHandlerTests" time="0.09"/>
  <testcase name="testCustomElementNestedWithinUtilMap()" classname="org.springframework.beans.factory.xml.support.CustomNamespaceHandlerTests" time="0.044"/>
  <testcase name="testCustomElementNestedWithinUtilSet()" classname="org.springframework.beans.factory.xml.support.CustomNamespaceHandlerTests" time="0.038"/>
  <testcase name="testSimpleDecorator()" classname="org.springframework.beans.factory.xml.support.CustomNamespaceHandlerTests" time="0.035"/>
  <testcase name="testCustomElementNestedWithinUtilList()" classname="org.springframework.beans.factory.xml.support.CustomNamespaceHandlerTests" time="0.028"/>
  <testcase name="testProxyingDecorator()" classname="org.springframework.beans.factory.xml.support.CustomNamespaceHandlerTests" time="0.058"/>
  <testcase name="testProxyingDecoratorNoInstance()" classname="org.springframework.beans.factory.xml.support.CustomNamespaceHandlerTests" time="0.061"/>
  <testcase name="testSimpleParser()" classname="org.springframework.beans.factory.xml.support.CustomNamespaceHandlerTests" time="0.053"/>
  <testcase name="testChainedDecorators()" classname="org.springframework.beans.factory.xml.support.CustomNamespaceHandlerTests" time="0.033"/>
  <system-out><![CDATA[]]></system-out>
  <system-err><![CDATA[]]></system-err>
</testsuite>
