<?xml version="1.0" encoding="UTF-8"?>
<testsuite name="org.springframework.aop.aspectj.ThisAndTargetSelectionOnlyPointcutsAtAspectJTests" tests="9" skipped="0" failures="0" errors="0" timestamp="2021-01-22T01:37:15" hostname="SUPERMAN" time="0.622">
  <properties/>
  <testcase name="thisAsClassAndTargetAsClassCounterNotMatch()" classname="org.springframework.aop.aspectj.ThisAndTargetSelectionOnlyPointcutsAtAspectJTests" time="0.107"/>
  <testcase name="atAnnotationMethodAnnotationMatch()" classname="org.springframework.aop.aspectj.ThisAndTargetSelectionOnlyPointcutsAtAspectJTests" time="0.096"/>
  <testcase name="targetAsClassDoesMatch()" classname="org.springframework.aop.aspectj.ThisAndTargetSelectionOnlyPointcutsAtAspectJTests" time="0.059"/>
  <testcase name="thisAsInterfaceAndTargetAsInterfaceCounterMatch()" classname="org.springframework.aop.aspectj.ThisAndTargetSelectionOnlyPointcutsAtAspectJTests" time="0.054"/>
  <testcase name="targetAsInterfaceMatch()" classname="org.springframework.aop.aspectj.ThisAndTargetSelectionOnlyPointcutsAtAspectJTests" time="0.06"/>
  <testcase name="thisAsClassDoesNotMatch()" classname="org.springframework.aop.aspectj.ThisAndTargetSelectionOnlyPointcutsAtAspectJTests" time="0.059"/>
  <testcase name="thisAsInterfaceAndTargetAsClassCounterMatch()" classname="org.springframework.aop.aspectj.ThisAndTargetSelectionOnlyPointcutsAtAspectJTests" time="0.064"/>
  <testcase name="atTargetClassAnnotationMatch()" classname="org.springframework.aop.aspectj.ThisAndTargetSelectionOnlyPointcutsAtAspectJTests" time="0.064"/>
  <testcase name="thisAsInterfaceMatch()" classname="org.springframework.aop.aspectj.ThisAndTargetSelectionOnlyPointcutsAtAspectJTests" time="0.057"/>
  <system-out><![CDATA[]]></system-out>
  <system-err><![CDATA[]]></system-err>
</testsuite>
