<?xml version="1.0" encoding="UTF-8"?>
<testsuite name="org.springframework.jmx.support.ConnectorServerFactoryBeanTests" tests="4" skipped="0" failures="0" errors="0" timestamp="2021-01-22T01:38:50" hostname="SUPERMAN" time="0.217">
  <properties/>
  <testcase name="startupWithSuppliedServer()" classname="org.springframework.jmx.support.ConnectorServerFactoryBeanTests" time="0.168"/>
  <testcase name="noRegisterWithMBeanServer()" classname="org.springframework.jmx.support.ConnectorServerFactoryBeanTests" time="0.003"/>
  <testcase name="registerWithMBeanServer()" classname="org.springframework.jmx.support.ConnectorServerFactoryBeanTests" time="0.004"/>
  <testcase name="startupWithLocatedServer()" classname="org.springframework.jmx.support.ConnectorServerFactoryBeanTests" time="0.039"/>
  <system-out><![CDATA[]]></system-out>
  <system-err><![CDATA[]]></system-err>
</testsuite>
