<?xml version="1.0" encoding="UTF-8"?>
<testsuite name="org.springframework.aop.aspectj.autoproxy.AspectImplementingInterfaceTests" tests="1" skipped="0" failures="0" errors="0" timestamp="2021-01-22T01:37:10" hostname="SUPERMAN" time="0.055">
  <properties/>
  <testcase name="testProxyCreation()" classname="org.springframework.aop.aspectj.autoproxy.AspectImplementingInterfaceTests" time="0.055"/>
  <system-out><![CDATA[]]></system-out>
  <system-err><![CDATA[]]></system-err>
</testsuite>
