<?xml version="1.0" encoding="UTF-8"?>
<testsuite name="org.springframework.format.number.money.MoneyFormattingTests" tests="6" skipped="0" failures="0" errors="0" timestamp="2021-01-22T01:38:42" hostname="SUPERMAN" time="0.196">
  <properties/>
  <testcase name="testAmountWithNumberFormat1()" classname="org.springframework.format.number.money.MoneyFormattingTests" time="0.11"/>
  <testcase name="testAmountWithNumberFormat2()" classname="org.springframework.format.number.money.MoneyFormattingTests" time="0.007"/>
  <testcase name="testAmountWithNumberFormat3()" classname="org.springframework.format.number.money.MoneyFormattingTests" time="0.006"/>
  <testcase name="testAmountWithNumberFormat4()" classname="org.springframework.format.number.money.MoneyFormattingTests" time="0.005"/>
  <testcase name="testAmountWithNumberFormat5()" classname="org.springframework.format.number.money.MoneyFormattingTests" time="0.004"/>
  <testcase name="testAmountAndUnit()" classname="org.springframework.format.number.money.MoneyFormattingTests" time="0.059"/>
  <system-out><![CDATA[]]></system-out>
  <system-err><![CDATA[Jan 22, 2021 9:38:42 AM org.javamoney.moneta.DefaultMonetaryContextFactory createMonetaryContextNonNullConfig
INFO: Using custom MathContext: precision=256, roundingMode=HALF_EVEN
]]></system-err>
</testsuite>
