<?xml version="1.0" encoding="UTF-8"?>
<testsuite name="org.springframework.context.annotation.spr16756.Spr16756Tests" tests="1" skipped="0" failures="0" errors="0" timestamp="2021-01-22T01:38:27" hostname="SUPERMAN" time="0.043">
  <properties/>
  <testcase name="shouldNotFailOnNestedScopedComponent()" classname="org.springframework.context.annotation.spr16756.Spr16756Tests" time="0.043"/>
  <system-out><![CDATA[]]></system-out>
  <system-err><![CDATA[]]></system-err>
</testsuite>
