<?xml version="1.0" encoding="UTF-8"?>
<testsuite name="org.springframework.aop.aspectj.PropertyDependentAspectTests" tests="4" skipped="0" failures="0" errors="0" timestamp="2021-01-22T01:37:14" hostname="SUPERMAN" time="0.184">
  <properties/>
  <testcase name="propertyDependentAtAspectJAspectWithPropertyDeclaredAfterAdvice()" classname="org.springframework.aop.aspectj.PropertyDependentAspectTests" time="0.069"/>
  <testcase name="propertyDependentAtAspectJAspectWithPropertyDeclaredBeforeAdvice()" classname="org.springframework.aop.aspectj.PropertyDependentAspectTests" time="0.027"/>
  <testcase name="propertyDependentAspectWithPropertyDeclaredAfterAdvice()" classname="org.springframework.aop.aspectj.PropertyDependentAspectTests" time="0.039"/>
  <testcase name="propertyDependentAspectWithPropertyDeclaredBeforeAdvice()" classname="org.springframework.aop.aspectj.PropertyDependentAspectTests" time="0.047"/>
  <system-out><![CDATA[]]></system-out>
  <system-err><![CDATA[]]></system-err>
</testsuite>
