<?xml version="1.0" encoding="UTF-8"?>
<testsuite name="org.springframework.context.annotation.BeanMethodMetadataTests" tests="1" skipped="0" failures="0" errors="0" timestamp="2021-01-22T01:37:42" hostname="SUPERMAN" time="0.009">
  <properties/>
  <testcase name="providesBeanMethodBeanDefinition()" classname="org.springframework.context.annotation.BeanMethodMetadataTests" time="0.009"/>
  <system-out><![CDATA[]]></system-out>
  <system-err><![CDATA[]]></system-err>
</testsuite>
