<?xml version="1.0" encoding="UTF-8"?>
<testsuite name="org.springframework.jmx.export.MBeanExporterOperationsTests" tests="4" skipped="0" failures="0" errors="0" timestamp="2021-01-22T01:38:49" hostname="SUPERMAN" time="0.071">
  <properties/>
  <testcase name="testRegisterExistingMBeanWithUserSuppliedObjectName()" classname="org.springframework.jmx.export.MBeanExporterOperationsTests" time="0.001"/>
  <testcase name="testRegisterManagedResourceWithGeneratedObjectName()" classname="org.springframework.jmx.export.MBeanExporterOperationsTests" time="0.038"/>
  <testcase name="testRegisterManagedResourceWithUserSuppliedObjectName()" classname="org.springframework.jmx.export.MBeanExporterOperationsTests" time="0.001"/>
  <testcase name="testRegisterManagedResourceWithGeneratedObjectNameWithoutUniqueness()" classname="org.springframework.jmx.export.MBeanExporterOperationsTests" time="0.031"/>
  <system-out><![CDATA[]]></system-out>
  <system-err><![CDATA[]]></system-err>
</testsuite>
