<?xml version="1.0" encoding="UTF-8"?>
<testsuite name="org.springframework.context.index.CandidateComponentsIndexLoaderTests" tests="8" skipped="0" failures="0" errors="0" timestamp="2021-01-22T01:38:32" hostname="SUPERMAN" time="0.027">
  <properties/>
  <testcase name="loadIndexNoEntry()" classname="org.springframework.context.index.CandidateComponentsIndexLoaderTests" time="0.007"/>
  <testcase name="loadIndexNoMatch()" classname="org.springframework.context.index.CandidateComponentsIndexLoaderTests" time="0.006"/>
  <testcase name="loadIndexSeveralMatches()" classname="org.springframework.context.index.CandidateComponentsIndexLoaderTests" time="0.004"/>
  <testcase name="loadIndexSingleMatch()" classname="org.springframework.context.index.CandidateComponentsIndexLoaderTests" time="0.003"/>
  <testcase name="loadIndexNoSpringComponentsResource()" classname="org.springframework.context.index.CandidateComponentsIndexLoaderTests" time="0.001"/>
  <testcase name="loadIndexNoPackage()" classname="org.springframework.context.index.CandidateComponentsIndexLoaderTests" time="0.004"/>
  <testcase name="validateIndexIsDisabledByDefault()" classname="org.springframework.context.index.CandidateComponentsIndexLoaderTests" time="0.001"/>
  <testcase name="loadIndexWithException()" classname="org.springframework.context.index.CandidateComponentsIndexLoaderTests" time="0.001"/>
  <system-out><![CDATA[]]></system-out>
  <system-err><![CDATA[]]></system-err>
</testsuite>
