<?xml version="1.0" encoding="UTF-8"?>
<testsuite name="org.springframework.scripting.groovy.GroovyClassLoadingTests" tests="1" skipped="0" failures="0" errors="0" timestamp="2021-01-22T01:39:05" hostname="SUPERMAN" time="0.031">
  <properties/>
  <testcase name="classLoading()" classname="org.springframework.scripting.groovy.GroovyClassLoadingTests" time="0.031"/>
  <system-out><![CDATA[]]></system-out>
  <system-err><![CDATA[]]></system-err>
</testsuite>
