<?xml version="1.0" encoding="UTF-8"?>
<testsuite name="org.springframework.aop.aspectj.DeclareParentsDelegateRefTests" tests="2" skipped="0" failures="0" errors="0" timestamp="2021-01-22T01:37:13" hostname="SUPERMAN" time="0.09">
  <properties/>
  <testcase name="testIntroductionWasMade()" classname="org.springframework.aop.aspectj.DeclareParentsDelegateRefTests" time="0.065"/>
  <testcase name="testIntroductionDelegation()" classname="org.springframework.aop.aspectj.DeclareParentsDelegateRefTests" time="0.025"/>
  <system-out><![CDATA[]]></system-out>
  <system-err><![CDATA[]]></system-err>
</testsuite>
