<?xml version="1.0" encoding="UTF-8"?>
<testsuite name="org.springframework.context.annotation.AsmCircularImportDetectionTests" tests="2" skipped="0" failures="0" errors="0" timestamp="2021-01-22T01:37:42" hostname="SUPERMAN" time="0.034">
  <properties/>
  <testcase name="complexCircularImportIsDetected()" classname="org.springframework.context.annotation.AsmCircularImportDetectionTests" time="0.017"/>
  <testcase name="simpleCircularImportIsDetected()" classname="org.springframework.context.annotation.AsmCircularImportDetectionTests" time="0.016"/>
  <system-out><![CDATA[]]></system-out>
  <system-err><![CDATA[]]></system-err>
</testsuite>
