<?xml version="1.0" encoding="UTF-8"?>
<testsuite name="org.springframework.jmx.export.assembler.InterfaceBasedMBeanInfoAssemblerCustomTests" tests="14" skipped="0" failures="0" errors="0" timestamp="2021-01-22T01:38:46" hostname="SUPERMAN" time="0.241">
  <properties/>
  <testcase name="testDescriptionNotNull()" classname="org.springframework.jmx.export.assembler.InterfaceBasedMBeanInfoAssemblerCustomTests" time="0.07"/>
  <testcase name="testGetMBeanAttributeInfo()" classname="org.springframework.jmx.export.assembler.InterfaceBasedMBeanInfoAssemblerCustomTests" time="0.016"/>
  <testcase name="testSetAttribute()" classname="org.springframework.jmx.export.assembler.InterfaceBasedMBeanInfoAssemblerCustomTests" time="0.013"/>
  <testcase name="testAttributeInfoHasDescriptors()" classname="org.springframework.jmx.export.assembler.InterfaceBasedMBeanInfoAssemblerCustomTests" time="0.012"/>
  <testcase name="testGetMBeanInfo()" classname="org.springframework.jmx.export.assembler.InterfaceBasedMBeanInfoAssemblerCustomTests" time="0.013"/>
  <testcase name="testGetMBeanOperationInfo()" classname="org.springframework.jmx.export.assembler.InterfaceBasedMBeanInfoAssemblerCustomTests" time="0.012"/>
  <testcase name="testRegisterOperations()" classname="org.springframework.jmx.export.assembler.InterfaceBasedMBeanInfoAssemblerCustomTests" time="0.011"/>
  <testcase name="testRegisterAttributes()" classname="org.springframework.jmx.export.assembler.InterfaceBasedMBeanInfoAssemblerCustomTests" time="0.013"/>
  <testcase name="testNotificationMetadata()" classname="org.springframework.jmx.export.assembler.InterfaceBasedMBeanInfoAssemblerCustomTests" time="0.013"/>
  <testcase name="testAttributeHasCorrespondingOperations()" classname="org.springframework.jmx.export.assembler.InterfaceBasedMBeanInfoAssemblerCustomTests" time="0.012"/>
  <testcase name="testMBeanRegistration()" classname="org.springframework.jmx.export.assembler.InterfaceBasedMBeanInfoAssemblerCustomTests" time="0.015"/>
  <testcase name="testGetAttribute()" classname="org.springframework.jmx.export.assembler.InterfaceBasedMBeanInfoAssemblerCustomTests" time="0.011"/>
  <testcase name="testOperationInvocation()" classname="org.springframework.jmx.export.assembler.InterfaceBasedMBeanInfoAssemblerCustomTests" time="0.01"/>
  <testcase name="testGetAgeIsReadOnly()" classname="org.springframework.jmx.export.assembler.InterfaceBasedMBeanInfoAssemblerCustomTests" time="0.016"/>
  <system-out><![CDATA[]]></system-out>
  <system-err><![CDATA[]]></system-err>
</testsuite>
