<?xml version="1.0" encoding="UTF-8"?>
<testsuite name="org.springframework.context.annotation.PropertySourceAnnotationTests" tests="23" skipped="0" failures="0" errors="0" timestamp="2021-01-22T01:38:26" hostname="SUPERMAN" time="0.348">
  <properties/>
  <testcase name="withRepeatedPropertySources()" classname="org.springframework.context.annotation.PropertySourceAnnotationTests" time="0.014"/>
  <testcase name="withRepeatedPropertySourcesOnComposedAnnotation()" classname="org.springframework.context.annotation.PropertySourceAnnotationTests" time="0.024"/>
  <testcase name="withCustomFactory()" classname="org.springframework.context.annotation.PropertySourceAnnotationTests" time="0.029"/>
  <testcase name="orderingWithAndWithoutNameAndMultipleResourceLocations()" classname="org.springframework.context.annotation.PropertySourceAnnotationTests" time="0.027"/>
  <testcase name="withRepeatedPropertySourcesInContainerAnnotation()" classname="org.springframework.context.annotation.PropertySourceAnnotationTests" time="0.012"/>
  <testcase name="withResolvablePlaceholderAndFactoryBean()" classname="org.springframework.context.annotation.PropertySourceAnnotationTests" time="0.011"/>
  <testcase name="withImplicitName()" classname="org.springframework.context.annotation.PropertySourceAnnotationTests" time="0.005"/>
  <testcase name="withIgnoredPropertySource()" classname="org.springframework.context.annotation.PropertySourceAnnotationTests" time="0.012"/>
  <testcase name="withResolvablePlaceholder()" classname="org.springframework.context.annotation.PropertySourceAnnotationTests" time="0.01"/>
  <testcase name="orderingIsLifo()" classname="org.springframework.context.annotation.PropertySourceAnnotationTests" time="0.024"/>
  <testcase name="withUnresolvablePlaceholderAndDefault()" classname="org.springframework.context.annotation.PropertySourceAnnotationTests" time="0.013"/>
  <testcase name="withNamedPropertySources()" classname="org.springframework.context.annotation.PropertySourceAnnotationTests" time="0.013"/>
  <testcase name="orderingDoesntReplaceExisting()" classname="org.springframework.context.annotation.PropertySourceAnnotationTests" time="0.017"/>
  <testcase name="withExplicitName()" classname="org.springframework.context.annotation.PropertySourceAnnotationTests" time="0.01"/>
  <testcase name="withMissingPropertySource()" classname="org.springframework.context.annotation.PropertySourceAnnotationTests" time="0.008"/>
  <testcase name="withCustomFactoryAsMeta()" classname="org.springframework.context.annotation.PropertySourceAnnotationTests" time="0.016"/>
  <testcase name="withEmptyResourceLocations()" classname="org.springframework.context.annotation.PropertySourceAnnotationTests" time="0.003"/>
  <testcase name="withTestProfileBeans()" classname="org.springframework.context.annotation.PropertySourceAnnotationTests" time="0.027"/>
  <testcase name="withNameAndMultipleResourceLocations()" classname="org.springframework.context.annotation.PropertySourceAnnotationTests" time="0.01"/>
  <testcase name="withSameSourceImportedInDifferentOrder()" classname="org.springframework.context.annotation.PropertySourceAnnotationTests" time="0.02"/>
  <testcase name="withMultipleResourceLocations()" classname="org.springframework.context.annotation.PropertySourceAnnotationTests" time="0.013"/>
  <testcase name="orderingWithAndWithoutNameAndFourResourceLocations()" classname="org.springframework.context.annotation.PropertySourceAnnotationTests" time="0.015"/>
  <testcase name="withUnresolvablePlaceholder()" classname="org.springframework.context.annotation.PropertySourceAnnotationTests" time="0.005"/>
  <system-out><![CDATA[09:38:26.997 [Test worker] WARN  o.s.c.a.AnnotationConfigApplicationContext - Exception encountered during context initialization - cancelling refresh attempt: org.springframework.beans.factory.BeanDefinitionStoreException: Failed to parse configuration class [org.springframework.context.annotation.PropertySourceAnnotationTests$ConfigWithMissingPropertySource]; nested exception is java.io.FileNotFoundException: class path resource [org/springframework/context/annotation/missing.properties] cannot be opened because it does not exist
09:38:27.019 [Test worker] WARN  o.s.c.a.AnnotationConfigApplicationContext - Exception encountered during context initialization - cancelling refresh attempt: org.springframework.beans.factory.BeanDefinitionStoreException: Failed to parse configuration class [org.springframework.context.annotation.PropertySourceAnnotationTests$ConfigWithEmptyResourceLocations]; nested exception is java.lang.IllegalArgumentException: At least one @PropertySource(value) location is required
09:38:27.106 [Test worker] WARN  o.s.c.a.AnnotationConfigApplicationContext - Exception encountered during context initialization - cancelling refresh attempt: org.springframework.beans.factory.BeanDefinitionStoreException: Failed to parse configuration class [org.springframework.context.annotation.PropertySourceAnnotationTests$ConfigWithUnresolvablePlaceholder]; nested exception is java.lang.IllegalArgumentException: Could not resolve placeholder 'unresolvable' in value "classpath:${unresolvable}/p1.properties"
]]></system-out>
  <system-err><![CDATA[]]></system-err>
</testsuite>
