<?xml version="1.0" encoding="UTF-8"?>
<testsuite name="org.springframework.context.annotation.spr10546.Spr10546Tests" tests="10" skipped="0" failures="0" errors="0" timestamp="2021-01-22T01:38:27" hostname="SUPERMAN" time="0.166">
  <properties/>
  <testcase name="enclosingConfigFirstParentDefinesBeanWithScanning()" classname="org.springframework.context.annotation.spr10546.Spr10546Tests" time="0.031"/>
  <testcase name="enclosingConfigOnly()" classname="org.springframework.context.annotation.spr10546.Spr10546Tests" time="0.003"/>
  <testcase name="enclosingConfigFirstParentWithParentDefinesBean()" classname="org.springframework.context.annotation.spr10546.Spr10546Tests" time="0.013"/>
  <testcase name="enclosingConfigFirstParentDefinesBeanWithImportResource()" classname="org.springframework.context.annotation.spr10546.Spr10546Tests" time="0.039"/>
  <testcase name="enclosingConfigFirstParentDefinesBeanWithImport()" classname="org.springframework.context.annotation.spr10546.Spr10546Tests" time="0.02"/>
  <testcase name="childConfigFirst()" classname="org.springframework.context.annotation.spr10546.Spr10546Tests" time="0.005"/>
  <testcase name="childConfigOnly()" classname="org.springframework.context.annotation.spr10546.Spr10546Tests" time="0.004"/>
  <testcase name="enclosingConfigFirstParentDefinesBean()" classname="org.springframework.context.annotation.spr10546.Spr10546Tests" time="0.004"/>
  <testcase name="enclosingConfigFirstParentDefinesBeanWithComponentScan()" classname="org.springframework.context.annotation.spr10546.Spr10546Tests" time="0.035"/>
  <testcase name="importChildConfigThenChildConfig()" classname="org.springframework.context.annotation.spr10546.Spr10546Tests" time="0.007"/>
  <system-out><![CDATA[]]></system-out>
  <system-err><![CDATA[]]></system-err>
</testsuite>
