<?xml version="1.0" encoding="UTF-8"?>
<testsuite name="org.springframework.context.support.StaticApplicationContextMulticasterTests" tests="38" skipped="0" failures="0" errors="0" timestamp="2021-01-22T01:38:39" hostname="SUPERMAN" time="0.307">
  <properties/>
  <testcase name="factoryIsInitialized()" classname="org.springframework.context.support.StaticApplicationContextMulticasterTests" time="0.02"/>
  <testcase name="inheritance()" classname="org.springframework.context.support.StaticApplicationContextMulticasterTests" time="0.007"/>
  <testcase name="factorySingleton()" classname="org.springframework.context.support.StaticApplicationContextMulticasterTests" time="0.012"/>
  <testcase name="getSharedInstanceByMatchingClassNoCatch()" classname="org.springframework.context.support.StaticApplicationContextMulticasterTests" time="0.007"/>
  <testcase name="getSharedInstanceByMatchingClass()" classname="org.springframework.context.support.StaticApplicationContextMulticasterTests" time="0.007"/>
  <testcase name="getSharedInstanceByNonmatchingClass()" classname="org.springframework.context.support.StaticApplicationContextMulticasterTests" time="0.01"/>
  <testcase name="prototypeInstancesAreIndependent()" classname="org.springframework.context.support.StaticApplicationContextMulticasterTests" time="0.006"/>
  <testcase name="factoryPrototype()" classname="org.springframework.context.support.StaticApplicationContextMulticasterTests" time="0.006"/>
  <testcase name="lifecycleCallbacks()" classname="org.springframework.context.support.StaticApplicationContextMulticasterTests" time="0.006"/>
  <testcase name="typeMismatch()" classname="org.springframework.context.support.StaticApplicationContextMulticasterTests" time="0.008"/>
  <testcase name="grandparentDefinitionFoundInBeanFactory()" classname="org.springframework.context.support.StaticApplicationContextMulticasterTests" time="0.009"/>
  <testcase name="validEmpty()" classname="org.springframework.context.support.StaticApplicationContextMulticasterTests" time="0.011"/>
  <testcase name="findsValidInstance()" classname="org.springframework.context.support.StaticApplicationContextMulticasterTests" time="0.006"/>
  <testcase name="getFactoryItself()" classname="org.springframework.context.support.StaticApplicationContextMulticasterTests" time="0.005"/>
  <testcase name="getInstanceByMatchingClass()" classname="org.springframework.context.support.StaticApplicationContextMulticasterTests" time="0.006"/>
  <testcase name="getInstanceByNonmatchingClass()" classname="org.springframework.context.support.StaticApplicationContextMulticasterTests" time="0.008"/>
  <testcase name="getBeanWithNullArg()" classname="org.springframework.context.support.StaticApplicationContextMulticasterTests" time="0.009"/>
  <testcase name="rejectsFactoryGetOnNormalBean()" classname="org.springframework.context.support.StaticApplicationContextMulticasterTests" time="0.008"/>
  <testcase name="sharedInstancesAreEqual()" classname="org.springframework.context.support.StaticApplicationContextMulticasterTests" time="0.008"/>
  <testcase name="notThere()" classname="org.springframework.context.support.StaticApplicationContextMulticasterTests" time="0.007"/>
  <testcase name="aliasing()" classname="org.springframework.context.support.StaticApplicationContextMulticasterTests" time="0.009"/>
  <testcase name="initializingBeanCallback()" classname="org.springframework.context.support.StaticApplicationContextMulticasterTests" time="0.006"/>
  <testcase name="containsBeanDefinition()" classname="org.springframework.context.support.StaticApplicationContextMulticasterTests" time="0.011"/>
  <testcase name="getDefinitionsForNoSuchClass()" classname="org.springframework.context.support.StaticApplicationContextMulticasterTests" time="0.006"/>
  <testcase name="getCountForFactoryClass()" classname="org.springframework.context.support.StaticApplicationContextMulticasterTests" time="0.006"/>
  <testcase name="closeTriggersDestroy()" classname="org.springframework.context.support.StaticApplicationContextMulticasterTests" time="0.006"/>
  <testcase name="grandparentNull()" classname="org.springframework.context.support.StaticApplicationContextMulticasterTests" time="0.005"/>
  <testcase name="eventsWithNoSource()" classname="org.springframework.context.support.StaticApplicationContextMulticasterTests" time="0.009"/>
  <testcase name="parentNonNull()" classname="org.springframework.context.support.StaticApplicationContextMulticasterTests" time="0.007"/>
  <testcase name="grandparentDefinitionFound()" classname="org.springframework.context.support.StaticApplicationContextMulticasterTests" time="0.006"/>
  <testcase name="messageSource()" classname="org.springframework.context.support.StaticApplicationContextMulticasterTests" time="0.006"/>
  <testcase name="contextAwareSingletonWasCalledBack()" classname="org.springframework.context.support.StaticApplicationContextMulticasterTests" time="0.005"/>
  <testcase name="contextAwarePrototypeWasCalledBack()" classname="org.springframework.context.support.StaticApplicationContextMulticasterTests" time="0.006"/>
  <testcase name="overrideWorked()" classname="org.springframework.context.support.StaticApplicationContextMulticasterTests" time="0.007"/>
  <testcase name="beanAutomaticallyHearsEvents()" classname="org.springframework.context.support.StaticApplicationContextMulticasterTests" time="0.008"/>
  <testcase name="grandparentTypedDefinitionFound()" classname="org.springframework.context.support.StaticApplicationContextMulticasterTests" time="0.006"/>
  <testcase name="events()" classname="org.springframework.context.support.StaticApplicationContextMulticasterTests" time="0.006"/>
  <testcase name="count()" classname="org.springframework.context.support.StaticApplicationContextMulticasterTests" time="0.008"/>
  <system-out><![CDATA[]]></system-out>
  <system-err><![CDATA[]]></system-err>
</testsuite>
