<?xml version="1.0" encoding="UTF-8"?>
<testsuite name="org.springframework.context.annotation.ConfigurationClassWithConditionTests" tests="14" skipped="0" failures="0" errors="0" timestamp="2021-01-22T01:38:23" hostname="SUPERMAN" time="0.216">
  <properties/>
  <testcase name="conditionalOnBeanMatch()" classname="org.springframework.context.annotation.ConfigurationClassWithConditionTests" time="0.012"/>
  <testcase name="conditionalOnMissingBeanNoMatch()" classname="org.springframework.context.annotation.ConfigurationClassWithConditionTests" time="0.008"/>
  <testcase name="noConditionOnOverriddenMethodHonored()" classname="org.springframework.context.annotation.ConfigurationClassWithConditionTests" time="0.003"/>
  <testcase name="metaConditionalWithAsm()" classname="org.springframework.context.annotation.ConfigurationClassWithConditionTests" time="0.077"/>
  <testcase name="conditionOnOverriddenMethodHonored()" classname="org.springframework.context.annotation.ConfigurationClassWithConditionTests" time="0.003"/>
  <testcase name="conditionalOnBeanNoMatch()" classname="org.springframework.context.annotation.ConfigurationClassWithConditionTests" time="0.003"/>
  <testcase name="nonConfigurationClassWithAsm()" classname="org.springframework.context.annotation.ConfigurationClassWithConditionTests" time="0.012"/>
  <testcase name="nonConfigurationClass()" classname="org.springframework.context.annotation.ConfigurationClassWithConditionTests" time="0.002"/>
  <testcase name="methodConditional()" classname="org.springframework.context.annotation.ConfigurationClassWithConditionTests" time="0.005"/>
  <testcase name="conditionalOnMissingBeanMatch()" classname="org.springframework.context.annotation.ConfigurationClassWithConditionTests" time="0.003"/>
  <testcase name="methodConditionalWithAsm()" classname="org.springframework.context.annotation.ConfigurationClassWithConditionTests" time="0.01"/>
  <testcase name="metaConditional()" classname="org.springframework.context.annotation.ConfigurationClassWithConditionTests" time="0.06"/>
  <testcase name="importsNotCreated()" classname="org.springframework.context.annotation.ConfigurationClassWithConditionTests" time="0.004"/>
  <testcase name="configWithAlternativeBeans()" classname="org.springframework.context.annotation.ConfigurationClassWithConditionTests" time="0.01"/>
  <system-out><![CDATA[]]></system-out>
  <system-err><![CDATA[]]></system-err>
</testsuite>
