<?xml version="1.0" encoding="UTF-8"?>
<testsuite name="org.springframework.aop.aspectj.SubtypeSensitiveMatchingTests" tests="3" skipped="0" failures="0" errors="0" timestamp="2021-01-22T01:37:14" hostname="SUPERMAN" time="0.126">
  <properties/>
  <testcase name="testBeansAreProxiedOnStaticMatch()" classname="org.springframework.aop.aspectj.SubtypeSensitiveMatchingTests" time="0.057"/>
  <testcase name="testBeansThatDoNotMatchBasedSolelyOnRuntimeTypeAreNotProxied()" classname="org.springframework.aop.aspectj.SubtypeSensitiveMatchingTests" time="0.036"/>
  <testcase name="testBeansThatDoNotMatchBasedOnOtherTestAreProxied()" classname="org.springframework.aop.aspectj.SubtypeSensitiveMatchingTests" time="0.032"/>
  <system-out><![CDATA[]]></system-out>
  <system-err><![CDATA[]]></system-err>
</testsuite>
