<?xml version="1.0" encoding="UTF-8"?>
<testsuite name="org.springframework.scheduling.support.CronTriggerTests" tests="112" skipped="0" failures="0" errors="0" timestamp="2021-01-22T01:38:59" hostname="SUPERMAN" time="0.367">
  <properties/>
  <testcase name="[1] localDateTime[2021-01-22T09:38:59.730], time zone[sun.util.calendar.ZoneInfo[id=&quot;PST&quot;,offset=-28800000,dstSavings=3600000,useDaylight=true,transitions=185,lastRule=java.util.SimpleTimeZone[id=PST,offset=-28800000,dstSavings=3600000,useDaylight=true,startYear=0,startMode=3,startMonth=2,startDay=8,startDayOfWeek=1,startTime=7200000,startTimeMode=0,endMode=3,endMonth=10,endDay=1,endDayOfWeek=1,endTime=7200000,endTimeMode=0]]]" classname="org.springframework.scheduling.support.CronTriggerTests" time="0.002"/>
  <testcase name="[2] localDateTime[2021-01-22T09:38:59.731], time zone[sun.util.calendar.ZoneInfo[id=&quot;CET&quot;,offset=3600000,dstSavings=3600000,useDaylight=true,transitions=137,lastRule=java.util.SimpleTimeZone[id=CET,offset=3600000,dstSavings=3600000,useDaylight=true,startYear=0,startMode=2,startMonth=2,startDay=-1,startDayOfWeek=1,startTime=7200000,startTimeMode=1,endMode=2,endMonth=9,endDay=-1,endDayOfWeek=1,endTime=7200000,endTimeMode=1]]]" classname="org.springframework.scheduling.support.CronTriggerTests" time="0.001"/>
  <testcase name="[1] localDateTime[2021-01-22T09:38:59.736], time zone[sun.util.calendar.ZoneInfo[id=&quot;PST&quot;,offset=-28800000,dstSavings=3600000,useDaylight=true,transitions=185,lastRule=java.util.SimpleTimeZone[id=PST,offset=-28800000,dstSavings=3600000,useDaylight=true,startYear=0,startMode=3,startMonth=2,startDay=8,startDayOfWeek=1,startTime=7200000,startTimeMode=0,endMode=3,endMonth=10,endDay=1,endDayOfWeek=1,endTime=7200000,endTimeMode=0]]]" classname="org.springframework.scheduling.support.CronTriggerTests" time="0.001"/>
  <testcase name="[2] localDateTime[2021-01-22T09:38:59.736], time zone[sun.util.calendar.ZoneInfo[id=&quot;CET&quot;,offset=3600000,dstSavings=3600000,useDaylight=true,transitions=137,lastRule=java.util.SimpleTimeZone[id=CET,offset=3600000,dstSavings=3600000,useDaylight=true,startYear=0,startMode=2,startMonth=2,startDay=-1,startDayOfWeek=1,startTime=7200000,startTimeMode=1,endMode=2,endMonth=9,endDay=-1,endDayOfWeek=1,endTime=7200000,endTimeMode=1]]]" classname="org.springframework.scheduling.support.CronTriggerTests" time="0.0"/>
  <testcase name="[1] localDateTime[2021-01-22T09:38:59.739], time zone[sun.util.calendar.ZoneInfo[id=&quot;PST&quot;,offset=-28800000,dstSavings=3600000,useDaylight=true,transitions=185,lastRule=java.util.SimpleTimeZone[id=PST,offset=-28800000,dstSavings=3600000,useDaylight=true,startYear=0,startMode=3,startMonth=2,startDay=8,startDayOfWeek=1,startTime=7200000,startTimeMode=0,endMode=3,endMonth=10,endDay=1,endDayOfWeek=1,endTime=7200000,endTimeMode=0]]]" classname="org.springframework.scheduling.support.CronTriggerTests" time="0.009"/>
  <testcase name="[2] localDateTime[2021-01-22T09:38:59.739], time zone[sun.util.calendar.ZoneInfo[id=&quot;CET&quot;,offset=3600000,dstSavings=3600000,useDaylight=true,transitions=137,lastRule=java.util.SimpleTimeZone[id=CET,offset=3600000,dstSavings=3600000,useDaylight=true,startYear=0,startMode=2,startMonth=2,startDay=-1,startDayOfWeek=1,startTime=7200000,startTimeMode=1,endMode=2,endMonth=9,endDay=-1,endDayOfWeek=1,endTime=7200000,endTimeMode=1]]]" classname="org.springframework.scheduling.support.CronTriggerTests" time="0.004"/>
  <testcase name="[1] localDateTime[2021-01-22T09:38:59.756], time zone[sun.util.calendar.ZoneInfo[id=&quot;PST&quot;,offset=-28800000,dstSavings=3600000,useDaylight=true,transitions=185,lastRule=java.util.SimpleTimeZone[id=PST,offset=-28800000,dstSavings=3600000,useDaylight=true,startYear=0,startMode=3,startMonth=2,startDay=8,startDayOfWeek=1,startTime=7200000,startTimeMode=0,endMode=3,endMonth=10,endDay=1,endDayOfWeek=1,endTime=7200000,endTimeMode=0]]]" classname="org.springframework.scheduling.support.CronTriggerTests" time="0.001"/>
  <testcase name="[2] localDateTime[2021-01-22T09:38:59.757], time zone[sun.util.calendar.ZoneInfo[id=&quot;CET&quot;,offset=3600000,dstSavings=3600000,useDaylight=true,transitions=137,lastRule=java.util.SimpleTimeZone[id=CET,offset=3600000,dstSavings=3600000,useDaylight=true,startYear=0,startMode=2,startMonth=2,startDay=-1,startDayOfWeek=1,startTime=7200000,startTimeMode=1,endMode=2,endMonth=9,endDay=-1,endDayOfWeek=1,endTime=7200000,endTimeMode=1]]]" classname="org.springframework.scheduling.support.CronTriggerTests" time="0.0"/>
  <testcase name="[1] localDateTime[2021-01-22T09:38:59.762], time zone[sun.util.calendar.ZoneInfo[id=&quot;PST&quot;,offset=-28800000,dstSavings=3600000,useDaylight=true,transitions=185,lastRule=java.util.SimpleTimeZone[id=PST,offset=-28800000,dstSavings=3600000,useDaylight=true,startYear=0,startMode=3,startMonth=2,startDay=8,startDayOfWeek=1,startTime=7200000,startTimeMode=0,endMode=3,endMonth=10,endDay=1,endDayOfWeek=1,endTime=7200000,endTimeMode=0]]]" classname="org.springframework.scheduling.support.CronTriggerTests" time="0.001"/>
  <testcase name="[2] localDateTime[2021-01-22T09:38:59.762], time zone[sun.util.calendar.ZoneInfo[id=&quot;CET&quot;,offset=3600000,dstSavings=3600000,useDaylight=true,transitions=137,lastRule=java.util.SimpleTimeZone[id=CET,offset=3600000,dstSavings=3600000,useDaylight=true,startYear=0,startMode=2,startMonth=2,startDay=-1,startDayOfWeek=1,startTime=7200000,startTimeMode=1,endMode=2,endMonth=9,endDay=-1,endDayOfWeek=1,endTime=7200000,endTimeMode=1]]]" classname="org.springframework.scheduling.support.CronTriggerTests" time="0.001"/>
  <testcase name="[1] localDateTime[2021-01-22T09:38:59.766], time zone[sun.util.calendar.ZoneInfo[id=&quot;PST&quot;,offset=-28800000,dstSavings=3600000,useDaylight=true,transitions=185,lastRule=java.util.SimpleTimeZone[id=PST,offset=-28800000,dstSavings=3600000,useDaylight=true,startYear=0,startMode=3,startMonth=2,startDay=8,startDayOfWeek=1,startTime=7200000,startTimeMode=0,endMode=3,endMonth=10,endDay=1,endDayOfWeek=1,endTime=7200000,endTimeMode=0]]]" classname="org.springframework.scheduling.support.CronTriggerTests" time="0.001"/>
  <testcase name="[2] localDateTime[2021-01-22T09:38:59.766], time zone[sun.util.calendar.ZoneInfo[id=&quot;CET&quot;,offset=3600000,dstSavings=3600000,useDaylight=true,transitions=137,lastRule=java.util.SimpleTimeZone[id=CET,offset=3600000,dstSavings=3600000,useDaylight=true,startYear=0,startMode=2,startMonth=2,startDay=-1,startDayOfWeek=1,startTime=7200000,startTimeMode=1,endMode=2,endMonth=9,endDay=-1,endDayOfWeek=1,endTime=7200000,endTimeMode=1]]]" classname="org.springframework.scheduling.support.CronTriggerTests" time="0.001"/>
  <testcase name="[1] localDateTime[2021-01-22T09:38:59.769], time zone[sun.util.calendar.ZoneInfo[id=&quot;PST&quot;,offset=-28800000,dstSavings=3600000,useDaylight=true,transitions=185,lastRule=java.util.SimpleTimeZone[id=PST,offset=-28800000,dstSavings=3600000,useDaylight=true,startYear=0,startMode=3,startMonth=2,startDay=8,startDayOfWeek=1,startTime=7200000,startTimeMode=0,endMode=3,endMonth=10,endDay=1,endDayOfWeek=1,endTime=7200000,endTimeMode=0]]]" classname="org.springframework.scheduling.support.CronTriggerTests" time="0.0"/>
  <testcase name="[2] localDateTime[2021-01-22T09:38:59.769], time zone[sun.util.calendar.ZoneInfo[id=&quot;CET&quot;,offset=3600000,dstSavings=3600000,useDaylight=true,transitions=137,lastRule=java.util.SimpleTimeZone[id=CET,offset=3600000,dstSavings=3600000,useDaylight=true,startYear=0,startMode=2,startMonth=2,startDay=-1,startDayOfWeek=1,startTime=7200000,startTimeMode=1,endMode=2,endMonth=9,endDay=-1,endDayOfWeek=1,endTime=7200000,endTimeMode=1]]]" classname="org.springframework.scheduling.support.CronTriggerTests" time="0.001"/>
  <testcase name="[1] localDateTime[2021-01-22T09:38:59.774], time zone[sun.util.calendar.ZoneInfo[id=&quot;PST&quot;,offset=-28800000,dstSavings=3600000,useDaylight=true,transitions=185,lastRule=java.util.SimpleTimeZone[id=PST,offset=-28800000,dstSavings=3600000,useDaylight=true,startYear=0,startMode=3,startMonth=2,startDay=8,startDayOfWeek=1,startTime=7200000,startTimeMode=0,endMode=3,endMonth=10,endDay=1,endDayOfWeek=1,endTime=7200000,endTimeMode=0]]]" classname="org.springframework.scheduling.support.CronTriggerTests" time="0.001"/>
  <testcase name="[2] localDateTime[2021-01-22T09:38:59.774], time zone[sun.util.calendar.ZoneInfo[id=&quot;CET&quot;,offset=3600000,dstSavings=3600000,useDaylight=true,transitions=137,lastRule=java.util.SimpleTimeZone[id=CET,offset=3600000,dstSavings=3600000,useDaylight=true,startYear=0,startMode=2,startMonth=2,startDay=-1,startDayOfWeek=1,startTime=7200000,startTimeMode=1,endMode=2,endMonth=9,endDay=-1,endDayOfWeek=1,endTime=7200000,endTimeMode=1]]]" classname="org.springframework.scheduling.support.CronTriggerTests" time="0.002"/>
  <testcase name="[1] localDateTime[2021-01-22T09:38:59.780], time zone[sun.util.calendar.ZoneInfo[id=&quot;PST&quot;,offset=-28800000,dstSavings=3600000,useDaylight=true,transitions=185,lastRule=java.util.SimpleTimeZone[id=PST,offset=-28800000,dstSavings=3600000,useDaylight=true,startYear=0,startMode=3,startMonth=2,startDay=8,startDayOfWeek=1,startTime=7200000,startTimeMode=0,endMode=3,endMonth=10,endDay=1,endDayOfWeek=1,endTime=7200000,endTimeMode=0]]]" classname="org.springframework.scheduling.support.CronTriggerTests" time="0.0"/>
  <testcase name="[2] localDateTime[2021-01-22T09:38:59.780], time zone[sun.util.calendar.ZoneInfo[id=&quot;CET&quot;,offset=3600000,dstSavings=3600000,useDaylight=true,transitions=137,lastRule=java.util.SimpleTimeZone[id=CET,offset=3600000,dstSavings=3600000,useDaylight=true,startYear=0,startMode=2,startMonth=2,startDay=-1,startDayOfWeek=1,startTime=7200000,startTimeMode=1,endMode=2,endMonth=9,endDay=-1,endDayOfWeek=1,endTime=7200000,endTimeMode=1]]]" classname="org.springframework.scheduling.support.CronTriggerTests" time="0.001"/>
  <testcase name="[1] localDateTime[2021-01-22T09:38:59.784], time zone[sun.util.calendar.ZoneInfo[id=&quot;PST&quot;,offset=-28800000,dstSavings=3600000,useDaylight=true,transitions=185,lastRule=java.util.SimpleTimeZone[id=PST,offset=-28800000,dstSavings=3600000,useDaylight=true,startYear=0,startMode=3,startMonth=2,startDay=8,startDayOfWeek=1,startTime=7200000,startTimeMode=0,endMode=3,endMonth=10,endDay=1,endDayOfWeek=1,endTime=7200000,endTimeMode=0]]]" classname="org.springframework.scheduling.support.CronTriggerTests" time="0.001"/>
  <testcase name="[2] localDateTime[2021-01-22T09:38:59.784], time zone[sun.util.calendar.ZoneInfo[id=&quot;CET&quot;,offset=3600000,dstSavings=3600000,useDaylight=true,transitions=137,lastRule=java.util.SimpleTimeZone[id=CET,offset=3600000,dstSavings=3600000,useDaylight=true,startYear=0,startMode=2,startMonth=2,startDay=-1,startDayOfWeek=1,startTime=7200000,startTimeMode=1,endMode=2,endMonth=9,endDay=-1,endDayOfWeek=1,endTime=7200000,endTimeMode=1]]]" classname="org.springframework.scheduling.support.CronTriggerTests" time="0.001"/>
  <testcase name="[1] localDateTime[2021-01-22T09:38:59.787], time zone[sun.util.calendar.ZoneInfo[id=&quot;PST&quot;,offset=-28800000,dstSavings=3600000,useDaylight=true,transitions=185,lastRule=java.util.SimpleTimeZone[id=PST,offset=-28800000,dstSavings=3600000,useDaylight=true,startYear=0,startMode=3,startMonth=2,startDay=8,startDayOfWeek=1,startTime=7200000,startTimeMode=0,endMode=3,endMonth=10,endDay=1,endDayOfWeek=1,endTime=7200000,endTimeMode=0]]]" classname="org.springframework.scheduling.support.CronTriggerTests" time="0.003"/>
  <testcase name="[2] localDateTime[2021-01-22T09:38:59.787], time zone[sun.util.calendar.ZoneInfo[id=&quot;CET&quot;,offset=3600000,dstSavings=3600000,useDaylight=true,transitions=137,lastRule=java.util.SimpleTimeZone[id=CET,offset=3600000,dstSavings=3600000,useDaylight=true,startYear=0,startMode=2,startMonth=2,startDay=-1,startDayOfWeek=1,startTime=7200000,startTimeMode=1,endMode=2,endMonth=9,endDay=-1,endDayOfWeek=1,endTime=7200000,endTimeMode=1]]]" classname="org.springframework.scheduling.support.CronTriggerTests" time="0.026"/>
  <testcase name="[1] localDateTime[2021-01-22T09:38:59.822], time zone[sun.util.calendar.ZoneInfo[id=&quot;PST&quot;,offset=-28800000,dstSavings=3600000,useDaylight=true,transitions=185,lastRule=java.util.SimpleTimeZone[id=PST,offset=-28800000,dstSavings=3600000,useDaylight=true,startYear=0,startMode=3,startMonth=2,startDay=8,startDayOfWeek=1,startTime=7200000,startTimeMode=0,endMode=3,endMonth=10,endDay=1,endDayOfWeek=1,endTime=7200000,endTimeMode=0]]]" classname="org.springframework.scheduling.support.CronTriggerTests" time="0.002"/>
  <testcase name="[2] localDateTime[2021-01-22T09:38:59.822], time zone[sun.util.calendar.ZoneInfo[id=&quot;CET&quot;,offset=3600000,dstSavings=3600000,useDaylight=true,transitions=137,lastRule=java.util.SimpleTimeZone[id=CET,offset=3600000,dstSavings=3600000,useDaylight=true,startYear=0,startMode=2,startMonth=2,startDay=-1,startDayOfWeek=1,startTime=7200000,startTimeMode=1,endMode=2,endMonth=9,endDay=-1,endDayOfWeek=1,endTime=7200000,endTimeMode=1]]]" classname="org.springframework.scheduling.support.CronTriggerTests" time="0.002"/>
  <testcase name="[1] localDateTime[2021-01-22T09:38:59.831], time zone[sun.util.calendar.ZoneInfo[id=&quot;PST&quot;,offset=-28800000,dstSavings=3600000,useDaylight=true,transitions=185,lastRule=java.util.SimpleTimeZone[id=PST,offset=-28800000,dstSavings=3600000,useDaylight=true,startYear=0,startMode=3,startMonth=2,startDay=8,startDayOfWeek=1,startTime=7200000,startTimeMode=0,endMode=3,endMonth=10,endDay=1,endDayOfWeek=1,endTime=7200000,endTimeMode=0]]]" classname="org.springframework.scheduling.support.CronTriggerTests" time="0.002"/>
  <testcase name="[2] localDateTime[2021-01-22T09:38:59.831], time zone[sun.util.calendar.ZoneInfo[id=&quot;CET&quot;,offset=3600000,dstSavings=3600000,useDaylight=true,transitions=137,lastRule=java.util.SimpleTimeZone[id=CET,offset=3600000,dstSavings=3600000,useDaylight=true,startYear=0,startMode=2,startMonth=2,startDay=-1,startDayOfWeek=1,startTime=7200000,startTimeMode=1,endMode=2,endMonth=9,endDay=-1,endDayOfWeek=1,endTime=7200000,endTimeMode=1]]]" classname="org.springframework.scheduling.support.CronTriggerTests" time="0.001"/>
  <testcase name="[1] localDateTime[2021-01-22T09:38:59.837], time zone[sun.util.calendar.ZoneInfo[id=&quot;PST&quot;,offset=-28800000,dstSavings=3600000,useDaylight=true,transitions=185,lastRule=java.util.SimpleTimeZone[id=PST,offset=-28800000,dstSavings=3600000,useDaylight=true,startYear=0,startMode=3,startMonth=2,startDay=8,startDayOfWeek=1,startTime=7200000,startTimeMode=0,endMode=3,endMonth=10,endDay=1,endDayOfWeek=1,endTime=7200000,endTimeMode=0]]]" classname="org.springframework.scheduling.support.CronTriggerTests" time="0.001"/>
  <testcase name="[2] localDateTime[2021-01-22T09:38:59.838], time zone[sun.util.calendar.ZoneInfo[id=&quot;CET&quot;,offset=3600000,dstSavings=3600000,useDaylight=true,transitions=137,lastRule=java.util.SimpleTimeZone[id=CET,offset=3600000,dstSavings=3600000,useDaylight=true,startYear=0,startMode=2,startMonth=2,startDay=-1,startDayOfWeek=1,startTime=7200000,startTimeMode=1,endMode=2,endMonth=9,endDay=-1,endDayOfWeek=1,endTime=7200000,endTimeMode=1]]]" classname="org.springframework.scheduling.support.CronTriggerTests" time="0.001"/>
  <testcase name="[1] localDateTime[2021-01-22T09:38:59.845], time zone[sun.util.calendar.ZoneInfo[id=&quot;PST&quot;,offset=-28800000,dstSavings=3600000,useDaylight=true,transitions=185,lastRule=java.util.SimpleTimeZone[id=PST,offset=-28800000,dstSavings=3600000,useDaylight=true,startYear=0,startMode=3,startMonth=2,startDay=8,startDayOfWeek=1,startTime=7200000,startTimeMode=0,endMode=3,endMonth=10,endDay=1,endDayOfWeek=1,endTime=7200000,endTimeMode=0]]]" classname="org.springframework.scheduling.support.CronTriggerTests" time="0.002"/>
  <testcase name="[2] localDateTime[2021-01-22T09:38:59.845], time zone[sun.util.calendar.ZoneInfo[id=&quot;CET&quot;,offset=3600000,dstSavings=3600000,useDaylight=true,transitions=137,lastRule=java.util.SimpleTimeZone[id=CET,offset=3600000,dstSavings=3600000,useDaylight=true,startYear=0,startMode=2,startMonth=2,startDay=-1,startDayOfWeek=1,startTime=7200000,startTimeMode=1,endMode=2,endMonth=9,endDay=-1,endDayOfWeek=1,endTime=7200000,endTimeMode=1]]]" classname="org.springframework.scheduling.support.CronTriggerTests" time="0.001"/>
  <testcase name="[1] localDateTime[2021-01-22T09:38:59.850], time zone[sun.util.calendar.ZoneInfo[id=&quot;PST&quot;,offset=-28800000,dstSavings=3600000,useDaylight=true,transitions=185,lastRule=java.util.SimpleTimeZone[id=PST,offset=-28800000,dstSavings=3600000,useDaylight=true,startYear=0,startMode=3,startMonth=2,startDay=8,startDayOfWeek=1,startTime=7200000,startTimeMode=0,endMode=3,endMonth=10,endDay=1,endDayOfWeek=1,endTime=7200000,endTimeMode=0]]]" classname="org.springframework.scheduling.support.CronTriggerTests" time="0.001"/>
  <testcase name="[2] localDateTime[2021-01-22T09:38:59.850], time zone[sun.util.calendar.ZoneInfo[id=&quot;CET&quot;,offset=3600000,dstSavings=3600000,useDaylight=true,transitions=137,lastRule=java.util.SimpleTimeZone[id=CET,offset=3600000,dstSavings=3600000,useDaylight=true,startYear=0,startMode=2,startMonth=2,startDay=-1,startDayOfWeek=1,startTime=7200000,startTimeMode=1,endMode=2,endMonth=9,endDay=-1,endDayOfWeek=1,endTime=7200000,endTimeMode=1]]]" classname="org.springframework.scheduling.support.CronTriggerTests" time="0.001"/>
  <testcase name="[1] localDateTime[2021-01-22T09:38:59.856], time zone[sun.util.calendar.ZoneInfo[id=&quot;PST&quot;,offset=-28800000,dstSavings=3600000,useDaylight=true,transitions=185,lastRule=java.util.SimpleTimeZone[id=PST,offset=-28800000,dstSavings=3600000,useDaylight=true,startYear=0,startMode=3,startMonth=2,startDay=8,startDayOfWeek=1,startTime=7200000,startTimeMode=0,endMode=3,endMonth=10,endDay=1,endDayOfWeek=1,endTime=7200000,endTimeMode=0]]]" classname="org.springframework.scheduling.support.CronTriggerTests" time="0.001"/>
  <testcase name="[2] localDateTime[2021-01-22T09:38:59.856], time zone[sun.util.calendar.ZoneInfo[id=&quot;CET&quot;,offset=3600000,dstSavings=3600000,useDaylight=true,transitions=137,lastRule=java.util.SimpleTimeZone[id=CET,offset=3600000,dstSavings=3600000,useDaylight=true,startYear=0,startMode=2,startMonth=2,startDay=-1,startDayOfWeek=1,startTime=7200000,startTimeMode=1,endMode=2,endMonth=9,endDay=-1,endDayOfWeek=1,endTime=7200000,endTimeMode=1]]]" classname="org.springframework.scheduling.support.CronTriggerTests" time="0.001"/>
  <testcase name="[1] localDateTime[2021-01-22T09:38:59.861], time zone[sun.util.calendar.ZoneInfo[id=&quot;PST&quot;,offset=-28800000,dstSavings=3600000,useDaylight=true,transitions=185,lastRule=java.util.SimpleTimeZone[id=PST,offset=-28800000,dstSavings=3600000,useDaylight=true,startYear=0,startMode=3,startMonth=2,startDay=8,startDayOfWeek=1,startTime=7200000,startTimeMode=0,endMode=3,endMonth=10,endDay=1,endDayOfWeek=1,endTime=7200000,endTimeMode=0]]]" classname="org.springframework.scheduling.support.CronTriggerTests" time="0.001"/>
  <testcase name="[2] localDateTime[2021-01-22T09:38:59.861], time zone[sun.util.calendar.ZoneInfo[id=&quot;CET&quot;,offset=3600000,dstSavings=3600000,useDaylight=true,transitions=137,lastRule=java.util.SimpleTimeZone[id=CET,offset=3600000,dstSavings=3600000,useDaylight=true,startYear=0,startMode=2,startMonth=2,startDay=-1,startDayOfWeek=1,startTime=7200000,startTimeMode=1,endMode=2,endMonth=9,endDay=-1,endDayOfWeek=1,endTime=7200000,endTimeMode=1]]]" classname="org.springframework.scheduling.support.CronTriggerTests" time="0.001"/>
  <testcase name="[1] localDateTime[2021-01-22T09:38:59.865], time zone[sun.util.calendar.ZoneInfo[id=&quot;PST&quot;,offset=-28800000,dstSavings=3600000,useDaylight=true,transitions=185,lastRule=java.util.SimpleTimeZone[id=PST,offset=-28800000,dstSavings=3600000,useDaylight=true,startYear=0,startMode=3,startMonth=2,startDay=8,startDayOfWeek=1,startTime=7200000,startTimeMode=0,endMode=3,endMonth=10,endDay=1,endDayOfWeek=1,endTime=7200000,endTimeMode=0]]]" classname="org.springframework.scheduling.support.CronTriggerTests" time="0.001"/>
  <testcase name="[2] localDateTime[2021-01-22T09:38:59.865], time zone[sun.util.calendar.ZoneInfo[id=&quot;CET&quot;,offset=3600000,dstSavings=3600000,useDaylight=true,transitions=137,lastRule=java.util.SimpleTimeZone[id=CET,offset=3600000,dstSavings=3600000,useDaylight=true,startYear=0,startMode=2,startMonth=2,startDay=-1,startDayOfWeek=1,startTime=7200000,startTimeMode=1,endMode=2,endMonth=9,endDay=-1,endDayOfWeek=1,endTime=7200000,endTimeMode=1]]]" classname="org.springframework.scheduling.support.CronTriggerTests" time="0.001"/>
  <testcase name="[1] localDateTime[2021-01-22T09:38:59.868], time zone[sun.util.calendar.ZoneInfo[id=&quot;PST&quot;,offset=-28800000,dstSavings=3600000,useDaylight=true,transitions=185,lastRule=java.util.SimpleTimeZone[id=PST,offset=-28800000,dstSavings=3600000,useDaylight=true,startYear=0,startMode=3,startMonth=2,startDay=8,startDayOfWeek=1,startTime=7200000,startTimeMode=0,endMode=3,endMonth=10,endDay=1,endDayOfWeek=1,endTime=7200000,endTimeMode=0]]]" classname="org.springframework.scheduling.support.CronTriggerTests" time="0.001"/>
  <testcase name="[2] localDateTime[2021-01-22T09:38:59.868], time zone[sun.util.calendar.ZoneInfo[id=&quot;CET&quot;,offset=3600000,dstSavings=3600000,useDaylight=true,transitions=137,lastRule=java.util.SimpleTimeZone[id=CET,offset=3600000,dstSavings=3600000,useDaylight=true,startYear=0,startMode=2,startMonth=2,startDay=-1,startDayOfWeek=1,startTime=7200000,startTimeMode=1,endMode=2,endMonth=9,endDay=-1,endDayOfWeek=1,endTime=7200000,endTimeMode=1]]]" classname="org.springframework.scheduling.support.CronTriggerTests" time="0.001"/>
  <testcase name="[1] localDateTime[2021-01-22T09:38:59.880], time zone[sun.util.calendar.ZoneInfo[id=&quot;PST&quot;,offset=-28800000,dstSavings=3600000,useDaylight=true,transitions=185,lastRule=java.util.SimpleTimeZone[id=PST,offset=-28800000,dstSavings=3600000,useDaylight=true,startYear=0,startMode=3,startMonth=2,startDay=8,startDayOfWeek=1,startTime=7200000,startTimeMode=0,endMode=3,endMonth=10,endDay=1,endDayOfWeek=1,endTime=7200000,endTimeMode=0]]]" classname="org.springframework.scheduling.support.CronTriggerTests" time="0.001"/>
  <testcase name="[2] localDateTime[2021-01-22T09:38:59.880], time zone[sun.util.calendar.ZoneInfo[id=&quot;CET&quot;,offset=3600000,dstSavings=3600000,useDaylight=true,transitions=137,lastRule=java.util.SimpleTimeZone[id=CET,offset=3600000,dstSavings=3600000,useDaylight=true,startYear=0,startMode=2,startMonth=2,startDay=-1,startDayOfWeek=1,startTime=7200000,startTimeMode=1,endMode=2,endMonth=9,endDay=-1,endDayOfWeek=1,endTime=7200000,endTimeMode=1]]]" classname="org.springframework.scheduling.support.CronTriggerTests" time="0.001"/>
  <testcase name="[1] localDateTime[2021-01-22T09:38:59.884], time zone[sun.util.calendar.ZoneInfo[id=&quot;PST&quot;,offset=-28800000,dstSavings=3600000,useDaylight=true,transitions=185,lastRule=java.util.SimpleTimeZone[id=PST,offset=-28800000,dstSavings=3600000,useDaylight=true,startYear=0,startMode=3,startMonth=2,startDay=8,startDayOfWeek=1,startTime=7200000,startTimeMode=0,endMode=3,endMonth=10,endDay=1,endDayOfWeek=1,endTime=7200000,endTimeMode=0]]]" classname="org.springframework.scheduling.support.CronTriggerTests" time="0.001"/>
  <testcase name="[2] localDateTime[2021-01-22T09:38:59.884], time zone[sun.util.calendar.ZoneInfo[id=&quot;CET&quot;,offset=3600000,dstSavings=3600000,useDaylight=true,transitions=137,lastRule=java.util.SimpleTimeZone[id=CET,offset=3600000,dstSavings=3600000,useDaylight=true,startYear=0,startMode=2,startMonth=2,startDay=-1,startDayOfWeek=1,startTime=7200000,startTimeMode=1,endMode=2,endMonth=9,endDay=-1,endDayOfWeek=1,endTime=7200000,endTimeMode=1]]]" classname="org.springframework.scheduling.support.CronTriggerTests" time="0.0"/>
  <testcase name="[1] localDateTime[2021-01-22T09:38:59.888], time zone[sun.util.calendar.ZoneInfo[id=&quot;PST&quot;,offset=-28800000,dstSavings=3600000,useDaylight=true,transitions=185,lastRule=java.util.SimpleTimeZone[id=PST,offset=-28800000,dstSavings=3600000,useDaylight=true,startYear=0,startMode=3,startMonth=2,startDay=8,startDayOfWeek=1,startTime=7200000,startTimeMode=0,endMode=3,endMonth=10,endDay=1,endDayOfWeek=1,endTime=7200000,endTimeMode=0]]]" classname="org.springframework.scheduling.support.CronTriggerTests" time="0.02"/>
  <testcase name="[2] localDateTime[2021-01-22T09:38:59.888], time zone[sun.util.calendar.ZoneInfo[id=&quot;CET&quot;,offset=3600000,dstSavings=3600000,useDaylight=true,transitions=137,lastRule=java.util.SimpleTimeZone[id=CET,offset=3600000,dstSavings=3600000,useDaylight=true,startYear=0,startMode=2,startMonth=2,startDay=-1,startDayOfWeek=1,startTime=7200000,startTimeMode=1,endMode=2,endMonth=9,endDay=-1,endDayOfWeek=1,endTime=7200000,endTimeMode=1]]]" classname="org.springframework.scheduling.support.CronTriggerTests" time="0.029"/>
  <testcase name="[1] localDateTime[2021-01-22T09:38:59.939], time zone[sun.util.calendar.ZoneInfo[id=&quot;PST&quot;,offset=-28800000,dstSavings=3600000,useDaylight=true,transitions=185,lastRule=java.util.SimpleTimeZone[id=PST,offset=-28800000,dstSavings=3600000,useDaylight=true,startYear=0,startMode=3,startMonth=2,startDay=8,startDayOfWeek=1,startTime=7200000,startTimeMode=0,endMode=3,endMonth=10,endDay=1,endDayOfWeek=1,endTime=7200000,endTimeMode=0]]]" classname="org.springframework.scheduling.support.CronTriggerTests" time="0.001"/>
  <testcase name="[2] localDateTime[2021-01-22T09:38:59.939], time zone[sun.util.calendar.ZoneInfo[id=&quot;CET&quot;,offset=3600000,dstSavings=3600000,useDaylight=true,transitions=137,lastRule=java.util.SimpleTimeZone[id=CET,offset=3600000,dstSavings=3600000,useDaylight=true,startYear=0,startMode=2,startMonth=2,startDay=-1,startDayOfWeek=1,startTime=7200000,startTimeMode=1,endMode=2,endMonth=9,endDay=-1,endDayOfWeek=1,endTime=7200000,endTimeMode=1]]]" classname="org.springframework.scheduling.support.CronTriggerTests" time="0.001"/>
  <testcase name="[1] localDateTime[2021-01-22T09:38:59.946], time zone[sun.util.calendar.ZoneInfo[id=&quot;PST&quot;,offset=-28800000,dstSavings=3600000,useDaylight=true,transitions=185,lastRule=java.util.SimpleTimeZone[id=PST,offset=-28800000,dstSavings=3600000,useDaylight=true,startYear=0,startMode=3,startMonth=2,startDay=8,startDayOfWeek=1,startTime=7200000,startTimeMode=0,endMode=3,endMonth=10,endDay=1,endDayOfWeek=1,endTime=7200000,endTimeMode=0]]]" classname="org.springframework.scheduling.support.CronTriggerTests" time="0.001"/>
  <testcase name="[2] localDateTime[2021-01-22T09:38:59.946], time zone[sun.util.calendar.ZoneInfo[id=&quot;CET&quot;,offset=3600000,dstSavings=3600000,useDaylight=true,transitions=137,lastRule=java.util.SimpleTimeZone[id=CET,offset=3600000,dstSavings=3600000,useDaylight=true,startYear=0,startMode=2,startMonth=2,startDay=-1,startDayOfWeek=1,startTime=7200000,startTimeMode=1,endMode=2,endMonth=9,endDay=-1,endDayOfWeek=1,endTime=7200000,endTimeMode=1]]]" classname="org.springframework.scheduling.support.CronTriggerTests" time="0.001"/>
  <testcase name="[1] localDateTime[2021-01-22T09:38:59.953], time zone[sun.util.calendar.ZoneInfo[id=&quot;PST&quot;,offset=-28800000,dstSavings=3600000,useDaylight=true,transitions=185,lastRule=java.util.SimpleTimeZone[id=PST,offset=-28800000,dstSavings=3600000,useDaylight=true,startYear=0,startMode=3,startMonth=2,startDay=8,startDayOfWeek=1,startTime=7200000,startTimeMode=0,endMode=3,endMonth=10,endDay=1,endDayOfWeek=1,endTime=7200000,endTimeMode=0]]]" classname="org.springframework.scheduling.support.CronTriggerTests" time="0.001"/>
  <testcase name="[2] localDateTime[2021-01-22T09:38:59.953], time zone[sun.util.calendar.ZoneInfo[id=&quot;CET&quot;,offset=3600000,dstSavings=3600000,useDaylight=true,transitions=137,lastRule=java.util.SimpleTimeZone[id=CET,offset=3600000,dstSavings=3600000,useDaylight=true,startYear=0,startMode=2,startMonth=2,startDay=-1,startDayOfWeek=1,startTime=7200000,startTimeMode=1,endMode=2,endMonth=9,endDay=-1,endDayOfWeek=1,endTime=7200000,endTimeMode=1]]]" classname="org.springframework.scheduling.support.CronTriggerTests" time="0.0"/>
  <testcase name="[1] localDateTime[2021-01-22T09:38:59.958], time zone[sun.util.calendar.ZoneInfo[id=&quot;PST&quot;,offset=-28800000,dstSavings=3600000,useDaylight=true,transitions=185,lastRule=java.util.SimpleTimeZone[id=PST,offset=-28800000,dstSavings=3600000,useDaylight=true,startYear=0,startMode=3,startMonth=2,startDay=8,startDayOfWeek=1,startTime=7200000,startTimeMode=0,endMode=3,endMonth=10,endDay=1,endDayOfWeek=1,endTime=7200000,endTimeMode=0]]]" classname="org.springframework.scheduling.support.CronTriggerTests" time="0.001"/>
  <testcase name="[2] localDateTime[2021-01-22T09:38:59.958], time zone[sun.util.calendar.ZoneInfo[id=&quot;CET&quot;,offset=3600000,dstSavings=3600000,useDaylight=true,transitions=137,lastRule=java.util.SimpleTimeZone[id=CET,offset=3600000,dstSavings=3600000,useDaylight=true,startYear=0,startMode=2,startMonth=2,startDay=-1,startDayOfWeek=1,startTime=7200000,startTimeMode=1,endMode=2,endMonth=9,endDay=-1,endDayOfWeek=1,endTime=7200000,endTimeMode=1]]]" classname="org.springframework.scheduling.support.CronTriggerTests" time="0.0"/>
  <testcase name="[1] localDateTime[2021-01-22T09:38:59.962], time zone[sun.util.calendar.ZoneInfo[id=&quot;PST&quot;,offset=-28800000,dstSavings=3600000,useDaylight=true,transitions=185,lastRule=java.util.SimpleTimeZone[id=PST,offset=-28800000,dstSavings=3600000,useDaylight=true,startYear=0,startMode=3,startMonth=2,startDay=8,startDayOfWeek=1,startTime=7200000,startTimeMode=0,endMode=3,endMonth=10,endDay=1,endDayOfWeek=1,endTime=7200000,endTimeMode=0]]]" classname="org.springframework.scheduling.support.CronTriggerTests" time="0.0"/>
  <testcase name="[2] localDateTime[2021-01-22T09:38:59.962], time zone[sun.util.calendar.ZoneInfo[id=&quot;CET&quot;,offset=3600000,dstSavings=3600000,useDaylight=true,transitions=137,lastRule=java.util.SimpleTimeZone[id=CET,offset=3600000,dstSavings=3600000,useDaylight=true,startYear=0,startMode=2,startMonth=2,startDay=-1,startDayOfWeek=1,startTime=7200000,startTimeMode=1,endMode=2,endMonth=9,endDay=-1,endDayOfWeek=1,endTime=7200000,endTimeMode=1]]]" classname="org.springframework.scheduling.support.CronTriggerTests" time="0.0"/>
  <testcase name="[1] localDateTime[2021-01-22T09:38:59.965], time zone[sun.util.calendar.ZoneInfo[id=&quot;PST&quot;,offset=-28800000,dstSavings=3600000,useDaylight=true,transitions=185,lastRule=java.util.SimpleTimeZone[id=PST,offset=-28800000,dstSavings=3600000,useDaylight=true,startYear=0,startMode=3,startMonth=2,startDay=8,startDayOfWeek=1,startTime=7200000,startTimeMode=0,endMode=3,endMonth=10,endDay=1,endDayOfWeek=1,endTime=7200000,endTimeMode=0]]]" classname="org.springframework.scheduling.support.CronTriggerTests" time="0.001"/>
  <testcase name="[2] localDateTime[2021-01-22T09:38:59.965], time zone[sun.util.calendar.ZoneInfo[id=&quot;CET&quot;,offset=3600000,dstSavings=3600000,useDaylight=true,transitions=137,lastRule=java.util.SimpleTimeZone[id=CET,offset=3600000,dstSavings=3600000,useDaylight=true,startYear=0,startMode=2,startMonth=2,startDay=-1,startDayOfWeek=1,startTime=7200000,startTimeMode=1,endMode=2,endMonth=9,endDay=-1,endDayOfWeek=1,endTime=7200000,endTimeMode=1]]]" classname="org.springframework.scheduling.support.CronTriggerTests" time="0.005"/>
  <testcase name="[1] localDateTime[2021-01-22T09:38:59.973], time zone[sun.util.calendar.ZoneInfo[id=&quot;PST&quot;,offset=-28800000,dstSavings=3600000,useDaylight=true,transitions=185,lastRule=java.util.SimpleTimeZone[id=PST,offset=-28800000,dstSavings=3600000,useDaylight=true,startYear=0,startMode=3,startMonth=2,startDay=8,startDayOfWeek=1,startTime=7200000,startTimeMode=0,endMode=3,endMonth=10,endDay=1,endDayOfWeek=1,endTime=7200000,endTimeMode=0]]]" classname="org.springframework.scheduling.support.CronTriggerTests" time="0.004"/>
  <testcase name="[2] localDateTime[2021-01-22T09:38:59.973], time zone[sun.util.calendar.ZoneInfo[id=&quot;CET&quot;,offset=3600000,dstSavings=3600000,useDaylight=true,transitions=137,lastRule=java.util.SimpleTimeZone[id=CET,offset=3600000,dstSavings=3600000,useDaylight=true,startYear=0,startMode=2,startMonth=2,startDay=-1,startDayOfWeek=1,startTime=7200000,startTimeMode=1,endMode=2,endMonth=9,endDay=-1,endDayOfWeek=1,endTime=7200000,endTimeMode=1]]]" classname="org.springframework.scheduling.support.CronTriggerTests" time="0.001"/>
  <testcase name="[1] localDateTime[2021-01-22T09:38:59.982], time zone[sun.util.calendar.ZoneInfo[id=&quot;PST&quot;,offset=-28800000,dstSavings=3600000,useDaylight=true,transitions=185,lastRule=java.util.SimpleTimeZone[id=PST,offset=-28800000,dstSavings=3600000,useDaylight=true,startYear=0,startMode=3,startMonth=2,startDay=8,startDayOfWeek=1,startTime=7200000,startTimeMode=0,endMode=3,endMonth=10,endDay=1,endDayOfWeek=1,endTime=7200000,endTimeMode=0]]]" classname="org.springframework.scheduling.support.CronTriggerTests" time="0.001"/>
  <testcase name="[2] localDateTime[2021-01-22T09:38:59.982], time zone[sun.util.calendar.ZoneInfo[id=&quot;CET&quot;,offset=3600000,dstSavings=3600000,useDaylight=true,transitions=137,lastRule=java.util.SimpleTimeZone[id=CET,offset=3600000,dstSavings=3600000,useDaylight=true,startYear=0,startMode=2,startMonth=2,startDay=-1,startDayOfWeek=1,startTime=7200000,startTimeMode=1,endMode=2,endMonth=9,endDay=-1,endDayOfWeek=1,endTime=7200000,endTimeMode=1]]]" classname="org.springframework.scheduling.support.CronTriggerTests" time="0.001"/>
  <testcase name="[1] localDateTime[2021-01-22T09:38:59.989], time zone[sun.util.calendar.ZoneInfo[id=&quot;PST&quot;,offset=-28800000,dstSavings=3600000,useDaylight=true,transitions=185,lastRule=java.util.SimpleTimeZone[id=PST,offset=-28800000,dstSavings=3600000,useDaylight=true,startYear=0,startMode=3,startMonth=2,startDay=8,startDayOfWeek=1,startTime=7200000,startTimeMode=0,endMode=3,endMonth=10,endDay=1,endDayOfWeek=1,endTime=7200000,endTimeMode=0]]]" classname="org.springframework.scheduling.support.CronTriggerTests" time="0.001"/>
  <testcase name="[2] localDateTime[2021-01-22T09:38:59.989], time zone[sun.util.calendar.ZoneInfo[id=&quot;CET&quot;,offset=3600000,dstSavings=3600000,useDaylight=true,transitions=137,lastRule=java.util.SimpleTimeZone[id=CET,offset=3600000,dstSavings=3600000,useDaylight=true,startYear=0,startMode=2,startMonth=2,startDay=-1,startDayOfWeek=1,startTime=7200000,startTimeMode=1,endMode=2,endMonth=9,endDay=-1,endDayOfWeek=1,endTime=7200000,endTimeMode=1]]]" classname="org.springframework.scheduling.support.CronTriggerTests" time="0.001"/>
  <testcase name="[1] localDateTime[2021-01-22T09:38:59.994], time zone[sun.util.calendar.ZoneInfo[id=&quot;PST&quot;,offset=-28800000,dstSavings=3600000,useDaylight=true,transitions=185,lastRule=java.util.SimpleTimeZone[id=PST,offset=-28800000,dstSavings=3600000,useDaylight=true,startYear=0,startMode=3,startMonth=2,startDay=8,startDayOfWeek=1,startTime=7200000,startTimeMode=0,endMode=3,endMonth=10,endDay=1,endDayOfWeek=1,endTime=7200000,endTimeMode=0]]]" classname="org.springframework.scheduling.support.CronTriggerTests" time="0.0"/>
  <testcase name="[2] localDateTime[2021-01-22T09:38:59.994], time zone[sun.util.calendar.ZoneInfo[id=&quot;CET&quot;,offset=3600000,dstSavings=3600000,useDaylight=true,transitions=137,lastRule=java.util.SimpleTimeZone[id=CET,offset=3600000,dstSavings=3600000,useDaylight=true,startYear=0,startMode=2,startMonth=2,startDay=-1,startDayOfWeek=1,startTime=7200000,startTimeMode=1,endMode=2,endMonth=9,endDay=-1,endDayOfWeek=1,endTime=7200000,endTimeMode=1]]]" classname="org.springframework.scheduling.support.CronTriggerTests" time="0.0"/>
  <testcase name="[1] localDateTime[2021-01-22T09:38:59.997], time zone[sun.util.calendar.ZoneInfo[id=&quot;PST&quot;,offset=-28800000,dstSavings=3600000,useDaylight=true,transitions=185,lastRule=java.util.SimpleTimeZone[id=PST,offset=-28800000,dstSavings=3600000,useDaylight=true,startYear=0,startMode=3,startMonth=2,startDay=8,startDayOfWeek=1,startTime=7200000,startTimeMode=0,endMode=3,endMonth=10,endDay=1,endDayOfWeek=1,endTime=7200000,endTimeMode=0]]]" classname="org.springframework.scheduling.support.CronTriggerTests" time="0.001"/>
  <testcase name="[2] localDateTime[2021-01-22T09:38:59.997], time zone[sun.util.calendar.ZoneInfo[id=&quot;CET&quot;,offset=3600000,dstSavings=3600000,useDaylight=true,transitions=137,lastRule=java.util.SimpleTimeZone[id=CET,offset=3600000,dstSavings=3600000,useDaylight=true,startYear=0,startMode=2,startMonth=2,startDay=-1,startDayOfWeek=1,startTime=7200000,startTimeMode=1,endMode=2,endMonth=9,endDay=-1,endDayOfWeek=1,endTime=7200000,endTimeMode=1]]]" classname="org.springframework.scheduling.support.CronTriggerTests" time="0.001"/>
  <testcase name="[1] localDateTime[2021-01-22T09:39:00.000], time zone[sun.util.calendar.ZoneInfo[id=&quot;PST&quot;,offset=-28800000,dstSavings=3600000,useDaylight=true,transitions=185,lastRule=java.util.SimpleTimeZone[id=PST,offset=-28800000,dstSavings=3600000,useDaylight=true,startYear=0,startMode=3,startMonth=2,startDay=8,startDayOfWeek=1,startTime=7200000,startTimeMode=0,endMode=3,endMonth=10,endDay=1,endDayOfWeek=1,endTime=7200000,endTimeMode=0]]]" classname="org.springframework.scheduling.support.CronTriggerTests" time="0.001"/>
  <testcase name="[2] localDateTime[2021-01-22T09:39:00.000], time zone[sun.util.calendar.ZoneInfo[id=&quot;CET&quot;,offset=3600000,dstSavings=3600000,useDaylight=true,transitions=137,lastRule=java.util.SimpleTimeZone[id=CET,offset=3600000,dstSavings=3600000,useDaylight=true,startYear=0,startMode=2,startMonth=2,startDay=-1,startDayOfWeek=1,startTime=7200000,startTimeMode=1,endMode=2,endMonth=9,endDay=-1,endDayOfWeek=1,endTime=7200000,endTimeMode=1]]]" classname="org.springframework.scheduling.support.CronTriggerTests" time="0.0"/>
  <testcase name="[1] localDateTime[2021-01-22T09:39:00.003], time zone[sun.util.calendar.ZoneInfo[id=&quot;PST&quot;,offset=-28800000,dstSavings=3600000,useDaylight=true,transitions=185,lastRule=java.util.SimpleTimeZone[id=PST,offset=-28800000,dstSavings=3600000,useDaylight=true,startYear=0,startMode=3,startMonth=2,startDay=8,startDayOfWeek=1,startTime=7200000,startTimeMode=0,endMode=3,endMonth=10,endDay=1,endDayOfWeek=1,endTime=7200000,endTimeMode=0]]]" classname="org.springframework.scheduling.support.CronTriggerTests" time="0.001"/>
  <testcase name="[2] localDateTime[2021-01-22T09:39:00.003], time zone[sun.util.calendar.ZoneInfo[id=&quot;CET&quot;,offset=3600000,dstSavings=3600000,useDaylight=true,transitions=137,lastRule=java.util.SimpleTimeZone[id=CET,offset=3600000,dstSavings=3600000,useDaylight=true,startYear=0,startMode=2,startMonth=2,startDay=-1,startDayOfWeek=1,startTime=7200000,startTimeMode=1,endMode=2,endMonth=9,endDay=-1,endDayOfWeek=1,endTime=7200000,endTimeMode=1]]]" classname="org.springframework.scheduling.support.CronTriggerTests" time="0.001"/>
  <testcase name="[1] localDateTime[2021-01-22T09:39:00.009], time zone[sun.util.calendar.ZoneInfo[id=&quot;PST&quot;,offset=-28800000,dstSavings=3600000,useDaylight=true,transitions=185,lastRule=java.util.SimpleTimeZone[id=PST,offset=-28800000,dstSavings=3600000,useDaylight=true,startYear=0,startMode=3,startMonth=2,startDay=8,startDayOfWeek=1,startTime=7200000,startTimeMode=0,endMode=3,endMonth=10,endDay=1,endDayOfWeek=1,endTime=7200000,endTimeMode=0]]]" classname="org.springframework.scheduling.support.CronTriggerTests" time="0.0"/>
  <testcase name="[2] localDateTime[2021-01-22T09:39:00.009], time zone[sun.util.calendar.ZoneInfo[id=&quot;CET&quot;,offset=3600000,dstSavings=3600000,useDaylight=true,transitions=137,lastRule=java.util.SimpleTimeZone[id=CET,offset=3600000,dstSavings=3600000,useDaylight=true,startYear=0,startMode=2,startMonth=2,startDay=-1,startDayOfWeek=1,startTime=7200000,startTimeMode=1,endMode=2,endMonth=9,endDay=-1,endDayOfWeek=1,endTime=7200000,endTimeMode=1]]]" classname="org.springframework.scheduling.support.CronTriggerTests" time="0.0"/>
  <testcase name="[1] localDateTime[2021-01-22T09:39:00.012], time zone[sun.util.calendar.ZoneInfo[id=&quot;PST&quot;,offset=-28800000,dstSavings=3600000,useDaylight=true,transitions=185,lastRule=java.util.SimpleTimeZone[id=PST,offset=-28800000,dstSavings=3600000,useDaylight=true,startYear=0,startMode=3,startMonth=2,startDay=8,startDayOfWeek=1,startTime=7200000,startTimeMode=0,endMode=3,endMonth=10,endDay=1,endDayOfWeek=1,endTime=7200000,endTimeMode=0]]]" classname="org.springframework.scheduling.support.CronTriggerTests" time="0.001"/>
  <testcase name="[2] localDateTime[2021-01-22T09:39:00.012], time zone[sun.util.calendar.ZoneInfo[id=&quot;CET&quot;,offset=3600000,dstSavings=3600000,useDaylight=true,transitions=137,lastRule=java.util.SimpleTimeZone[id=CET,offset=3600000,dstSavings=3600000,useDaylight=true,startYear=0,startMode=2,startMonth=2,startDay=-1,startDayOfWeek=1,startTime=7200000,startTimeMode=1,endMode=2,endMonth=9,endDay=-1,endDayOfWeek=1,endTime=7200000,endTimeMode=1]]]" classname="org.springframework.scheduling.support.CronTriggerTests" time="0.001"/>
  <testcase name="[1] localDateTime[2021-01-22T09:39:00.014], time zone[sun.util.calendar.ZoneInfo[id=&quot;PST&quot;,offset=-28800000,dstSavings=3600000,useDaylight=true,transitions=185,lastRule=java.util.SimpleTimeZone[id=PST,offset=-28800000,dstSavings=3600000,useDaylight=true,startYear=0,startMode=3,startMonth=2,startDay=8,startDayOfWeek=1,startTime=7200000,startTimeMode=0,endMode=3,endMonth=10,endDay=1,endDayOfWeek=1,endTime=7200000,endTimeMode=0]]]" classname="org.springframework.scheduling.support.CronTriggerTests" time="0.0"/>
  <testcase name="[2] localDateTime[2021-01-22T09:39:00.014], time zone[sun.util.calendar.ZoneInfo[id=&quot;CET&quot;,offset=3600000,dstSavings=3600000,useDaylight=true,transitions=137,lastRule=java.util.SimpleTimeZone[id=CET,offset=3600000,dstSavings=3600000,useDaylight=true,startYear=0,startMode=2,startMonth=2,startDay=-1,startDayOfWeek=1,startTime=7200000,startTimeMode=1,endMode=2,endMonth=9,endDay=-1,endDayOfWeek=1,endTime=7200000,endTimeMode=1]]]" classname="org.springframework.scheduling.support.CronTriggerTests" time="0.0"/>
  <testcase name="[1] localDateTime[2021-01-22T09:39:00.017], time zone[sun.util.calendar.ZoneInfo[id=&quot;PST&quot;,offset=-28800000,dstSavings=3600000,useDaylight=true,transitions=185,lastRule=java.util.SimpleTimeZone[id=PST,offset=-28800000,dstSavings=3600000,useDaylight=true,startYear=0,startMode=3,startMonth=2,startDay=8,startDayOfWeek=1,startTime=7200000,startTimeMode=0,endMode=3,endMonth=10,endDay=1,endDayOfWeek=1,endTime=7200000,endTimeMode=0]]]" classname="org.springframework.scheduling.support.CronTriggerTests" time="0.001"/>
  <testcase name="[2] localDateTime[2021-01-22T09:39:00.017], time zone[sun.util.calendar.ZoneInfo[id=&quot;CET&quot;,offset=3600000,dstSavings=3600000,useDaylight=true,transitions=137,lastRule=java.util.SimpleTimeZone[id=CET,offset=3600000,dstSavings=3600000,useDaylight=true,startYear=0,startMode=2,startMonth=2,startDay=-1,startDayOfWeek=1,startTime=7200000,startTimeMode=1,endMode=2,endMonth=9,endDay=-1,endDayOfWeek=1,endTime=7200000,endTimeMode=1]]]" classname="org.springframework.scheduling.support.CronTriggerTests" time="0.001"/>
  <testcase name="[1] localDateTime[2021-01-22T09:39:00.030], time zone[sun.util.calendar.ZoneInfo[id=&quot;PST&quot;,offset=-28800000,dstSavings=3600000,useDaylight=true,transitions=185,lastRule=java.util.SimpleTimeZone[id=PST,offset=-28800000,dstSavings=3600000,useDaylight=true,startYear=0,startMode=3,startMonth=2,startDay=8,startDayOfWeek=1,startTime=7200000,startTimeMode=0,endMode=3,endMonth=10,endDay=1,endDayOfWeek=1,endTime=7200000,endTimeMode=0]]]" classname="org.springframework.scheduling.support.CronTriggerTests" time="0.002"/>
  <testcase name="[2] localDateTime[2021-01-22T09:39:00.030], time zone[sun.util.calendar.ZoneInfo[id=&quot;CET&quot;,offset=3600000,dstSavings=3600000,useDaylight=true,transitions=137,lastRule=java.util.SimpleTimeZone[id=CET,offset=3600000,dstSavings=3600000,useDaylight=true,startYear=0,startMode=2,startMonth=2,startDay=-1,startDayOfWeek=1,startTime=7200000,startTimeMode=1,endMode=2,endMonth=9,endDay=-1,endDayOfWeek=1,endTime=7200000,endTimeMode=1]]]" classname="org.springframework.scheduling.support.CronTriggerTests" time="0.001"/>
  <testcase name="[1] localDateTime[2021-01-22T09:39:00.036], time zone[sun.util.calendar.ZoneInfo[id=&quot;PST&quot;,offset=-28800000,dstSavings=3600000,useDaylight=true,transitions=185,lastRule=java.util.SimpleTimeZone[id=PST,offset=-28800000,dstSavings=3600000,useDaylight=true,startYear=0,startMode=3,startMonth=2,startDay=8,startDayOfWeek=1,startTime=7200000,startTimeMode=0,endMode=3,endMonth=10,endDay=1,endDayOfWeek=1,endTime=7200000,endTimeMode=0]]]" classname="org.springframework.scheduling.support.CronTriggerTests" time="0.0"/>
  <testcase name="[2] localDateTime[2021-01-22T09:39:00.036], time zone[sun.util.calendar.ZoneInfo[id=&quot;CET&quot;,offset=3600000,dstSavings=3600000,useDaylight=true,transitions=137,lastRule=java.util.SimpleTimeZone[id=CET,offset=3600000,dstSavings=3600000,useDaylight=true,startYear=0,startMode=2,startMonth=2,startDay=-1,startDayOfWeek=1,startTime=7200000,startTimeMode=1,endMode=2,endMonth=9,endDay=-1,endDayOfWeek=1,endTime=7200000,endTimeMode=1]]]" classname="org.springframework.scheduling.support.CronTriggerTests" time="0.0"/>
  <testcase name="[1] localDateTime[2021-01-22T09:39:00.039], time zone[sun.util.calendar.ZoneInfo[id=&quot;PST&quot;,offset=-28800000,dstSavings=3600000,useDaylight=true,transitions=185,lastRule=java.util.SimpleTimeZone[id=PST,offset=-28800000,dstSavings=3600000,useDaylight=true,startYear=0,startMode=3,startMonth=2,startDay=8,startDayOfWeek=1,startTime=7200000,startTimeMode=0,endMode=3,endMonth=10,endDay=1,endDayOfWeek=1,endTime=7200000,endTimeMode=0]]]" classname="org.springframework.scheduling.support.CronTriggerTests" time="0.002"/>
  <testcase name="[2] localDateTime[2021-01-22T09:39:00.040], time zone[sun.util.calendar.ZoneInfo[id=&quot;CET&quot;,offset=3600000,dstSavings=3600000,useDaylight=true,transitions=137,lastRule=java.util.SimpleTimeZone[id=CET,offset=3600000,dstSavings=3600000,useDaylight=true,startYear=0,startMode=2,startMonth=2,startDay=-1,startDayOfWeek=1,startTime=7200000,startTimeMode=1,endMode=2,endMonth=9,endDay=-1,endDayOfWeek=1,endTime=7200000,endTimeMode=1]]]" classname="org.springframework.scheduling.support.CronTriggerTests" time="0.0"/>
  <testcase name="[1] localDateTime[2021-01-22T09:39:00.044], time zone[sun.util.calendar.ZoneInfo[id=&quot;PST&quot;,offset=-28800000,dstSavings=3600000,useDaylight=true,transitions=185,lastRule=java.util.SimpleTimeZone[id=PST,offset=-28800000,dstSavings=3600000,useDaylight=true,startYear=0,startMode=3,startMonth=2,startDay=8,startDayOfWeek=1,startTime=7200000,startTimeMode=0,endMode=3,endMonth=10,endDay=1,endDayOfWeek=1,endTime=7200000,endTimeMode=0]]]" classname="org.springframework.scheduling.support.CronTriggerTests" time="0.0"/>
  <testcase name="[2] localDateTime[2021-01-22T09:39:00.044], time zone[sun.util.calendar.ZoneInfo[id=&quot;CET&quot;,offset=3600000,dstSavings=3600000,useDaylight=true,transitions=137,lastRule=java.util.SimpleTimeZone[id=CET,offset=3600000,dstSavings=3600000,useDaylight=true,startYear=0,startMode=2,startMonth=2,startDay=-1,startDayOfWeek=1,startTime=7200000,startTimeMode=1,endMode=2,endMonth=9,endDay=-1,endDayOfWeek=1,endTime=7200000,endTimeMode=1]]]" classname="org.springframework.scheduling.support.CronTriggerTests" time="0.0"/>
  <testcase name="[1] localDateTime[2021-01-22T09:39:00.047], time zone[sun.util.calendar.ZoneInfo[id=&quot;PST&quot;,offset=-28800000,dstSavings=3600000,useDaylight=true,transitions=185,lastRule=java.util.SimpleTimeZone[id=PST,offset=-28800000,dstSavings=3600000,useDaylight=true,startYear=0,startMode=3,startMonth=2,startDay=8,startDayOfWeek=1,startTime=7200000,startTimeMode=0,endMode=3,endMonth=10,endDay=1,endDayOfWeek=1,endTime=7200000,endTimeMode=0]]]" classname="org.springframework.scheduling.support.CronTriggerTests" time="0.001"/>
  <testcase name="[2] localDateTime[2021-01-22T09:39:00.047], time zone[sun.util.calendar.ZoneInfo[id=&quot;CET&quot;,offset=3600000,dstSavings=3600000,useDaylight=true,transitions=137,lastRule=java.util.SimpleTimeZone[id=CET,offset=3600000,dstSavings=3600000,useDaylight=true,startYear=0,startMode=2,startMonth=2,startDay=-1,startDayOfWeek=1,startTime=7200000,startTimeMode=1,endMode=2,endMonth=9,endDay=-1,endDayOfWeek=1,endTime=7200000,endTimeMode=1]]]" classname="org.springframework.scheduling.support.CronTriggerTests" time="0.0"/>
  <testcase name="[1] localDateTime[2021-01-22T09:39:00.050], time zone[sun.util.calendar.ZoneInfo[id=&quot;PST&quot;,offset=-28800000,dstSavings=3600000,useDaylight=true,transitions=185,lastRule=java.util.SimpleTimeZone[id=PST,offset=-28800000,dstSavings=3600000,useDaylight=true,startYear=0,startMode=3,startMonth=2,startDay=8,startDayOfWeek=1,startTime=7200000,startTimeMode=0,endMode=3,endMonth=10,endDay=1,endDayOfWeek=1,endTime=7200000,endTimeMode=0]]]" classname="org.springframework.scheduling.support.CronTriggerTests" time="0.001"/>
  <testcase name="[2] localDateTime[2021-01-22T09:39:00.050], time zone[sun.util.calendar.ZoneInfo[id=&quot;CET&quot;,offset=3600000,dstSavings=3600000,useDaylight=true,transitions=137,lastRule=java.util.SimpleTimeZone[id=CET,offset=3600000,dstSavings=3600000,useDaylight=true,startYear=0,startMode=2,startMonth=2,startDay=-1,startDayOfWeek=1,startTime=7200000,startTimeMode=1,endMode=2,endMonth=9,endDay=-1,endDayOfWeek=1,endTime=7200000,endTimeMode=1]]]" classname="org.springframework.scheduling.support.CronTriggerTests" time="0.001"/>
  <testcase name="[1] localDateTime[2021-01-22T09:39:00.053], time zone[sun.util.calendar.ZoneInfo[id=&quot;PST&quot;,offset=-28800000,dstSavings=3600000,useDaylight=true,transitions=185,lastRule=java.util.SimpleTimeZone[id=PST,offset=-28800000,dstSavings=3600000,useDaylight=true,startYear=0,startMode=3,startMonth=2,startDay=8,startDayOfWeek=1,startTime=7200000,startTimeMode=0,endMode=3,endMonth=10,endDay=1,endDayOfWeek=1,endTime=7200000,endTimeMode=0]]]" classname="org.springframework.scheduling.support.CronTriggerTests" time="0.0"/>
  <testcase name="[2] localDateTime[2021-01-22T09:39:00.053], time zone[sun.util.calendar.ZoneInfo[id=&quot;CET&quot;,offset=3600000,dstSavings=3600000,useDaylight=true,transitions=137,lastRule=java.util.SimpleTimeZone[id=CET,offset=3600000,dstSavings=3600000,useDaylight=true,startYear=0,startMode=2,startMonth=2,startDay=-1,startDayOfWeek=1,startTime=7200000,startTimeMode=1,endMode=2,endMonth=9,endDay=-1,endDayOfWeek=1,endTime=7200000,endTimeMode=1]]]" classname="org.springframework.scheduling.support.CronTriggerTests" time="0.0"/>
  <testcase name="[1] localDateTime[2021-01-22T09:39:00.056], time zone[sun.util.calendar.ZoneInfo[id=&quot;PST&quot;,offset=-28800000,dstSavings=3600000,useDaylight=true,transitions=185,lastRule=java.util.SimpleTimeZone[id=PST,offset=-28800000,dstSavings=3600000,useDaylight=true,startYear=0,startMode=3,startMonth=2,startDay=8,startDayOfWeek=1,startTime=7200000,startTimeMode=0,endMode=3,endMonth=10,endDay=1,endDayOfWeek=1,endTime=7200000,endTimeMode=0]]]" classname="org.springframework.scheduling.support.CronTriggerTests" time="0.0"/>
  <testcase name="[2] localDateTime[2021-01-22T09:39:00.056], time zone[sun.util.calendar.ZoneInfo[id=&quot;CET&quot;,offset=3600000,dstSavings=3600000,useDaylight=true,transitions=137,lastRule=java.util.SimpleTimeZone[id=CET,offset=3600000,dstSavings=3600000,useDaylight=true,startYear=0,startMode=2,startMonth=2,startDay=-1,startDayOfWeek=1,startTime=7200000,startTimeMode=1,endMode=2,endMonth=9,endDay=-1,endDayOfWeek=1,endTime=7200000,endTimeMode=1]]]" classname="org.springframework.scheduling.support.CronTriggerTests" time="0.001"/>
  <testcase name="[1] localDateTime[2021-01-22T09:39:00.060], time zone[sun.util.calendar.ZoneInfo[id=&quot;PST&quot;,offset=-28800000,dstSavings=3600000,useDaylight=true,transitions=185,lastRule=java.util.SimpleTimeZone[id=PST,offset=-28800000,dstSavings=3600000,useDaylight=true,startYear=0,startMode=3,startMonth=2,startDay=8,startDayOfWeek=1,startTime=7200000,startTimeMode=0,endMode=3,endMonth=10,endDay=1,endDayOfWeek=1,endTime=7200000,endTimeMode=0]]]" classname="org.springframework.scheduling.support.CronTriggerTests" time="0.001"/>
  <testcase name="[2] localDateTime[2021-01-22T09:39:00.060], time zone[sun.util.calendar.ZoneInfo[id=&quot;CET&quot;,offset=3600000,dstSavings=3600000,useDaylight=true,transitions=137,lastRule=java.util.SimpleTimeZone[id=CET,offset=3600000,dstSavings=3600000,useDaylight=true,startYear=0,startMode=2,startMonth=2,startDay=-1,startDayOfWeek=1,startTime=7200000,startTimeMode=1,endMode=2,endMonth=9,endDay=-1,endDayOfWeek=1,endTime=7200000,endTimeMode=1]]]" classname="org.springframework.scheduling.support.CronTriggerTests" time="0.0"/>
  <testcase name="[1] localDateTime[2021-01-22T09:39:00.064], time zone[sun.util.calendar.ZoneInfo[id=&quot;PST&quot;,offset=-28800000,dstSavings=3600000,useDaylight=true,transitions=185,lastRule=java.util.SimpleTimeZone[id=PST,offset=-28800000,dstSavings=3600000,useDaylight=true,startYear=0,startMode=3,startMonth=2,startDay=8,startDayOfWeek=1,startTime=7200000,startTimeMode=0,endMode=3,endMonth=10,endDay=1,endDayOfWeek=1,endTime=7200000,endTimeMode=0]]]" classname="org.springframework.scheduling.support.CronTriggerTests" time="0.0"/>
  <testcase name="[2] localDateTime[2021-01-22T09:39:00.064], time zone[sun.util.calendar.ZoneInfo[id=&quot;CET&quot;,offset=3600000,dstSavings=3600000,useDaylight=true,transitions=137,lastRule=java.util.SimpleTimeZone[id=CET,offset=3600000,dstSavings=3600000,useDaylight=true,startYear=0,startMode=2,startMonth=2,startDay=-1,startDayOfWeek=1,startTime=7200000,startTimeMode=1,endMode=2,endMonth=9,endDay=-1,endDayOfWeek=1,endTime=7200000,endTimeMode=1]]]" classname="org.springframework.scheduling.support.CronTriggerTests" time="0.001"/>
  <testcase name="[1] localDateTime[2021-01-22T09:39:00.066], time zone[sun.util.calendar.ZoneInfo[id=&quot;PST&quot;,offset=-28800000,dstSavings=3600000,useDaylight=true,transitions=185,lastRule=java.util.SimpleTimeZone[id=PST,offset=-28800000,dstSavings=3600000,useDaylight=true,startYear=0,startMode=3,startMonth=2,startDay=8,startDayOfWeek=1,startTime=7200000,startTimeMode=0,endMode=3,endMonth=10,endDay=1,endDayOfWeek=1,endTime=7200000,endTimeMode=0]]]" classname="org.springframework.scheduling.support.CronTriggerTests" time="0.014"/>
  <testcase name="[2] localDateTime[2021-01-22T09:39:00.066], time zone[sun.util.calendar.ZoneInfo[id=&quot;CET&quot;,offset=3600000,dstSavings=3600000,useDaylight=true,transitions=137,lastRule=java.util.SimpleTimeZone[id=CET,offset=3600000,dstSavings=3600000,useDaylight=true,startYear=0,startMode=2,startMonth=2,startDay=-1,startDayOfWeek=1,startTime=7200000,startTimeMode=1,endMode=2,endMonth=9,endDay=-1,endDayOfWeek=1,endTime=7200000,endTimeMode=1]]]" classname="org.springframework.scheduling.support.CronTriggerTests" time="0.0"/>
  <testcase name="[1] localDateTime[2021-01-22T09:39:00.083], time zone[sun.util.calendar.ZoneInfo[id=&quot;PST&quot;,offset=-28800000,dstSavings=3600000,useDaylight=true,transitions=185,lastRule=java.util.SimpleTimeZone[id=PST,offset=-28800000,dstSavings=3600000,useDaylight=true,startYear=0,startMode=3,startMonth=2,startDay=8,startDayOfWeek=1,startTime=7200000,startTimeMode=0,endMode=3,endMonth=10,endDay=1,endDayOfWeek=1,endTime=7200000,endTimeMode=0]]]" classname="org.springframework.scheduling.support.CronTriggerTests" time="0.001"/>
  <testcase name="[2] localDateTime[2021-01-22T09:39:00.083], time zone[sun.util.calendar.ZoneInfo[id=&quot;CET&quot;,offset=3600000,dstSavings=3600000,useDaylight=true,transitions=137,lastRule=java.util.SimpleTimeZone[id=CET,offset=3600000,dstSavings=3600000,useDaylight=true,startYear=0,startMode=2,startMonth=2,startDay=-1,startDayOfWeek=1,startTime=7200000,startTimeMode=1,endMode=2,endMonth=9,endDay=-1,endDayOfWeek=1,endTime=7200000,endTimeMode=1]]]" classname="org.springframework.scheduling.support.CronTriggerTests" time="0.001"/>
  <testcase name="[1] localDateTime[2021-01-22T09:39:00.087], time zone[sun.util.calendar.ZoneInfo[id=&quot;PST&quot;,offset=-28800000,dstSavings=3600000,useDaylight=true,transitions=185,lastRule=java.util.SimpleTimeZone[id=PST,offset=-28800000,dstSavings=3600000,useDaylight=true,startYear=0,startMode=3,startMonth=2,startDay=8,startDayOfWeek=1,startTime=7200000,startTimeMode=0,endMode=3,endMonth=10,endDay=1,endDayOfWeek=1,endTime=7200000,endTimeMode=0]]]" classname="org.springframework.scheduling.support.CronTriggerTests" time="0.001"/>
  <testcase name="[2] localDateTime[2021-01-22T09:39:00.087], time zone[sun.util.calendar.ZoneInfo[id=&quot;CET&quot;,offset=3600000,dstSavings=3600000,useDaylight=true,transitions=137,lastRule=java.util.SimpleTimeZone[id=CET,offset=3600000,dstSavings=3600000,useDaylight=true,startYear=0,startMode=2,startMonth=2,startDay=-1,startDayOfWeek=1,startTime=7200000,startTimeMode=1,endMode=2,endMonth=9,endDay=-1,endDayOfWeek=1,endTime=7200000,endTimeMode=1]]]" classname="org.springframework.scheduling.support.CronTriggerTests" time="0.0"/>
  <testcase name="[1] localDateTime[2021-01-22T09:39:00.091], time zone[sun.util.calendar.ZoneInfo[id=&quot;PST&quot;,offset=-28800000,dstSavings=3600000,useDaylight=true,transitions=185,lastRule=java.util.SimpleTimeZone[id=PST,offset=-28800000,dstSavings=3600000,useDaylight=true,startYear=0,startMode=3,startMonth=2,startDay=8,startDayOfWeek=1,startTime=7200000,startTimeMode=0,endMode=3,endMonth=10,endDay=1,endDayOfWeek=1,endTime=7200000,endTimeMode=0]]]" classname="org.springframework.scheduling.support.CronTriggerTests" time="0.001"/>
  <testcase name="[2] localDateTime[2021-01-22T09:39:00.091], time zone[sun.util.calendar.ZoneInfo[id=&quot;CET&quot;,offset=3600000,dstSavings=3600000,useDaylight=true,transitions=137,lastRule=java.util.SimpleTimeZone[id=CET,offset=3600000,dstSavings=3600000,useDaylight=true,startYear=0,startMode=2,startMonth=2,startDay=-1,startDayOfWeek=1,startTime=7200000,startTimeMode=1,endMode=2,endMonth=9,endDay=-1,endDayOfWeek=1,endTime=7200000,endTimeMode=1]]]" classname="org.springframework.scheduling.support.CronTriggerTests" time="0.0"/>
  <testcase name="[1] localDateTime[2021-01-22T09:39:00.095], time zone[sun.util.calendar.ZoneInfo[id=&quot;PST&quot;,offset=-28800000,dstSavings=3600000,useDaylight=true,transitions=185,lastRule=java.util.SimpleTimeZone[id=PST,offset=-28800000,dstSavings=3600000,useDaylight=true,startYear=0,startMode=3,startMonth=2,startDay=8,startDayOfWeek=1,startTime=7200000,startTimeMode=0,endMode=3,endMonth=10,endDay=1,endDayOfWeek=1,endTime=7200000,endTimeMode=0]]]" classname="org.springframework.scheduling.support.CronTriggerTests" time="0.0"/>
  <testcase name="[2] localDateTime[2021-01-22T09:39:00.095], time zone[sun.util.calendar.ZoneInfo[id=&quot;CET&quot;,offset=3600000,dstSavings=3600000,useDaylight=true,transitions=137,lastRule=java.util.SimpleTimeZone[id=CET,offset=3600000,dstSavings=3600000,useDaylight=true,startYear=0,startMode=2,startMonth=2,startDay=-1,startDayOfWeek=1,startTime=7200000,startTimeMode=1,endMode=2,endMonth=9,endDay=-1,endDayOfWeek=1,endTime=7200000,endTimeMode=1]]]" classname="org.springframework.scheduling.support.CronTriggerTests" time="0.0"/>
  <testcase name="[1] localDateTime[2021-01-22T09:39:00.097], time zone[sun.util.calendar.ZoneInfo[id=&quot;PST&quot;,offset=-28800000,dstSavings=3600000,useDaylight=true,transitions=185,lastRule=java.util.SimpleTimeZone[id=PST,offset=-28800000,dstSavings=3600000,useDaylight=true,startYear=0,startMode=3,startMonth=2,startDay=8,startDayOfWeek=1,startTime=7200000,startTimeMode=0,endMode=3,endMonth=10,endDay=1,endDayOfWeek=1,endTime=7200000,endTimeMode=0]]]" classname="org.springframework.scheduling.support.CronTriggerTests" time="0.001"/>
  <testcase name="[2] localDateTime[2021-01-22T09:39:00.097], time zone[sun.util.calendar.ZoneInfo[id=&quot;CET&quot;,offset=3600000,dstSavings=3600000,useDaylight=true,transitions=137,lastRule=java.util.SimpleTimeZone[id=CET,offset=3600000,dstSavings=3600000,useDaylight=true,startYear=0,startMode=2,startMonth=2,startDay=-1,startDayOfWeek=1,startTime=7200000,startTimeMode=1,endMode=2,endMonth=9,endDay=-1,endDayOfWeek=1,endTime=7200000,endTimeMode=1]]]" classname="org.springframework.scheduling.support.CronTriggerTests" time="0.001"/>
  <system-out><![CDATA[]]></system-out>
  <system-err><![CDATA[]]></system-err>
</testsuite>
