<?xml version="1.0" encoding="UTF-8"?>
<testsuite name="org.springframework.cache.NoOpCacheManagerTests" tests="5" skipped="0" failures="0" errors="0" timestamp="2021-01-22T01:37:41" hostname="SUPERMAN" time="0.005">
  <properties/>
  <testcase name="testGetCache()" classname="org.springframework.cache.NoOpCacheManagerTests" time="0.002"/>
  <testcase name="testCacheCallable()" classname="org.springframework.cache.NoOpCacheManagerTests" time="0.0"/>
  <testcase name="testNoOpCache()" classname="org.springframework.cache.NoOpCacheManagerTests" time="0.001"/>
  <testcase name="testCacheName()" classname="org.springframework.cache.NoOpCacheManagerTests" time="0.0"/>
  <testcase name="testCacheGetCallableFail()" classname="org.springframework.cache.NoOpCacheManagerTests" time="0.0"/>
  <system-out><![CDATA[]]></system-out>
  <system-err><![CDATA[]]></system-err>
</testsuite>
