<?xml version="1.0" encoding="UTF-8"?>
<testsuite name="org.springframework.aop.config.AopNamespaceHandlerReturningTests" tests="2" skipped="0" failures="0" errors="0" timestamp="2021-01-22T01:37:16" hostname="SUPERMAN" time="0.108">
  <properties/>
  <testcase name="testParseReturningOnOtherAdviceType()" classname="org.springframework.aop.config.AopNamespaceHandlerReturningTests" time="0.052"/>
  <testcase name="testReturningOnReturningAdvice()" classname="org.springframework.aop.config.AopNamespaceHandlerReturningTests" time="0.055"/>
  <system-out><![CDATA[]]></system-out>
  <system-err><![CDATA[]]></system-err>
</testsuite>
