<?xml version="1.0" encoding="UTF-8"?>
<testsuite name="org.springframework.context.annotation.AnnotationConfigApplicationContextTests" tests="25" skipped="0" failures="0" errors="0" timestamp="2021-01-22T01:37:42" hostname="SUPERMAN" time="0.318">
  <properties/>
  <testcase name="getBeanByType()" classname="org.springframework.context.annotation.AnnotationConfigApplicationContextTests" time="0.016"/>
  <testcase name="individualBeanWithSupplier()" classname="org.springframework.context.annotation.AnnotationConfigApplicationContextTests" time="0.008"/>
  <testcase name="scanAndRefresh()" classname="org.springframework.context.annotation.AnnotationConfigApplicationContextTests" time="0.085"/>
  <testcase name="defaultConfigClassBeanNameIsGeneratedProperly()" classname="org.springframework.context.annotation.AnnotationConfigApplicationContextTests" time="0.004"/>
  <testcase name="individualBeanWithFactoryBeanObjectTypeAsTargetType()" classname="org.springframework.context.annotation.AnnotationConfigApplicationContextTests" time="0.003"/>
  <testcase name="individualBeanWithSpecifiedConstructorArguments()" classname="org.springframework.context.annotation.AnnotationConfigApplicationContextTests" time="0.003"/>
  <testcase name="autowiringIsEnabledByDefault()" classname="org.springframework.context.annotation.AnnotationConfigApplicationContextTests" time="0.028"/>
  <testcase name="individualBeanWithFactoryBeanSupplierAndTargetType()" classname="org.springframework.context.annotation.AnnotationConfigApplicationContextTests" time="0.006"/>
  <testcase name="individualNamedBeanWithMixedConstructorArguments()" classname="org.springframework.context.annotation.AnnotationConfigApplicationContextTests" time="0.003"/>
  <testcase name="individualNamedBeanWithSupplier()" classname="org.springframework.context.annotation.AnnotationConfigApplicationContextTests" time="0.004"/>
  <testcase name="registerAndRefresh()" classname="org.springframework.context.annotation.AnnotationConfigApplicationContextTests" time="0.003"/>
  <testcase name="individualBeanWithMixedConstructorArguments()" classname="org.springframework.context.annotation.AnnotationConfigApplicationContextTests" time="0.004"/>
  <testcase name="getBeanByTypeRaisesNoSuchBeanDefinitionException()" classname="org.springframework.context.annotation.AnnotationConfigApplicationContextTests" time="0.019"/>
  <testcase name="individualBeanWithFactoryBeanSupplier()" classname="org.springframework.context.annotation.AnnotationConfigApplicationContextTests" time="0.003"/>
  <testcase name="explicitConfigClassBeanNameIsRespected()" classname="org.springframework.context.annotation.AnnotationConfigApplicationContextTests" time="0.012"/>
  <testcase name="individualBeanWithFactoryBeanObjectTypeAsTargetTypeAndLazy()" classname="org.springframework.context.annotation.AnnotationConfigApplicationContextTests" time="0.002"/>
  <testcase name="individualBeanWithSupplierAndCustomizer()" classname="org.springframework.context.annotation.AnnotationConfigApplicationContextTests" time="0.006"/>
  <testcase name="nullReturningBeanPostProcessor()" classname="org.springframework.context.annotation.AnnotationConfigApplicationContextTests" time="0.036"/>
  <testcase name="getBeansWithAnnotation()" classname="org.springframework.context.annotation.AnnotationConfigApplicationContextTests" time="0.006"/>
  <testcase name="individualNamedBeanWithSpecifiedConstructorArguments()" classname="org.springframework.context.annotation.AnnotationConfigApplicationContextTests" time="0.004"/>
  <testcase name="individualNamedBeanWithSupplierAndCustomizer()" classname="org.springframework.context.annotation.AnnotationConfigApplicationContextTests" time="0.011"/>
  <testcase name="individualBeans()" classname="org.springframework.context.annotation.AnnotationConfigApplicationContextTests" time="0.002"/>
  <testcase name="getBeanByTypeAmbiguityRaisesException()" classname="org.springframework.context.annotation.AnnotationConfigApplicationContextTests" time="0.022"/>
  <testcase name="individualNamedBeans()" classname="org.springframework.context.annotation.AnnotationConfigApplicationContextTests" time="0.003"/>
  <testcase name="individualBeanWithNullReturningSupplier()" classname="org.springframework.context.annotation.AnnotationConfigApplicationContextTests" time="0.018"/>
  <system-out><![CDATA[]]></system-out>
  <system-err><![CDATA[]]></system-err>
</testsuite>
