<?xml version="1.0" encoding="UTF-8"?>
<testsuite name="org.springframework.aop.aspectj.ThisAndTargetSelectionOnlyPointcutsTests" tests="7" skipped="0" failures="0" errors="0" timestamp="2021-01-22T01:37:15" hostname="SUPERMAN" time="0.342">
  <properties/>
  <testcase name="testThisAsInterfaceAndTargetAsClassCounterMatch()" classname="org.springframework.aop.aspectj.ThisAndTargetSelectionOnlyPointcutsTests" time="0.073"/>
  <testcase name="testTargetAsClassDoesMatch()" classname="org.springframework.aop.aspectj.ThisAndTargetSelectionOnlyPointcutsTests" time="0.033"/>
  <testcase name="testTargetAsInterfaceMatch()" classname="org.springframework.aop.aspectj.ThisAndTargetSelectionOnlyPointcutsTests" time="0.038"/>
  <testcase name="testThisAsClassDoesNotMatch()" classname="org.springframework.aop.aspectj.ThisAndTargetSelectionOnlyPointcutsTests" time="0.039"/>
  <testcase name="testThisAsInterfaceAndTargetAsInterfaceCounterMatch()" classname="org.springframework.aop.aspectj.ThisAndTargetSelectionOnlyPointcutsTests" time="0.042"/>
  <testcase name="testThisAsClassAndTargetAsClassCounterNotMatch()" classname="org.springframework.aop.aspectj.ThisAndTargetSelectionOnlyPointcutsTests" time="0.078"/>
  <testcase name="testThisAsInterfaceMatch()" classname="org.springframework.aop.aspectj.ThisAndTargetSelectionOnlyPointcutsTests" time="0.035"/>
  <system-out><![CDATA[]]></system-out>
  <system-err><![CDATA[]]></system-err>
</testsuite>
