<?xml version="1.0" encoding="UTF-8"?>
<testsuite name="org.springframework.context.event.EventPublicationInterceptorTests" tests="5" skipped="0" failures="0" errors="0" timestamp="2021-01-22T01:38:30" hostname="SUPERMAN" time="0.026">
  <properties/>
  <testcase name="testWithAbstractStraightApplicationEventClassSupplied()" classname="org.springframework.context.event.EventPublicationInterceptorTests" time="0.004"/>
  <testcase name="testWithNoApplicationEventClassSupplied()" classname="org.springframework.context.event.EventPublicationInterceptorTests" time="0.002"/>
  <testcase name="testExpectedBehavior()" classname="org.springframework.context.event.EventPublicationInterceptorTests" time="0.012"/>
  <testcase name="testWithApplicationEventClassThatDoesntExposeAValidCtor()" classname="org.springframework.context.event.EventPublicationInterceptorTests" time="0.001"/>
  <testcase name="testWithNonApplicationEventClassSupplied()" classname="org.springframework.context.event.EventPublicationInterceptorTests" time="0.004"/>
  <system-out><![CDATA[]]></system-out>
  <system-err><![CDATA[]]></system-err>
</testsuite>
