<?xml version="1.0" encoding="UTF-8"?>
<testsuite name="org.springframework.jmx.export.LazyInitMBeanTests" tests="1" skipped="0" failures="0" errors="0" timestamp="2021-01-22T01:38:49" hostname="SUPERMAN" time="0.048">
  <properties/>
  <testcase name="invokeOnLazyInitBean()" classname="org.springframework.jmx.export.LazyInitMBeanTests" time="0.048"/>
  <system-out><![CDATA[]]></system-out>
  <system-err><![CDATA[]]></system-err>
</testsuite>
