<?xml version="1.0" encoding="UTF-8"?>
<testsuite name="org.springframework.aop.framework.ProxyFactoryBeanTests" tests="31" skipped="0" failures="0" errors="0" timestamp="2021-01-22T01:37:21" hostname="SUPERMAN" time="1.286">
  <properties/>
  <testcase name="testDetectsInterfaces()" classname="org.springframework.aop.framework.ProxyFactoryBeanTests" time="0.081"/>
  <testcase name="testTargetSourceNotAtEndOfInterceptorNamesIsRejected()" classname="org.springframework.aop.framework.ProxyFactoryBeanTests" time="0.048"/>
  <testcase name="testSingletonInstancesAreEqual()" classname="org.springframework.aop.framework.ProxyFactoryBeanTests" time="0.038"/>
  <testcase name="testGetObjectTypeWithNoTargetOrTargetSource()" classname="org.springframework.aop.framework.ProxyFactoryBeanTests" time="0.039"/>
  <testcase name="testSerializableSingletonProxyFactoryBean()" classname="org.springframework.aop.framework.ProxyFactoryBeanTests" time="0.136"/>
  <testcase name="testPrototypeAdvisor()" classname="org.springframework.aop.framework.ProxyFactoryBeanTests" time="0.042"/>
  <testcase name="testIsDynamicProxyWhenInterfaceSpecifiedForPrototype()" classname="org.springframework.aop.framework.ProxyFactoryBeanTests" time="0.014"/>
  <testcase name="testGlobalsWithoutTarget()" classname="org.springframework.aop.framework.ProxyFactoryBeanTests" time="0.069"/>
  <testcase name="testIsDynamicProxyWhenAutodetectingInterfacesForPrototype()" classname="org.springframework.aop.framework.ProxyFactoryBeanTests" time="0.012"/>
  <testcase name="testInnerBeanTargetUsingAutowiring()" classname="org.springframework.aop.framework.ProxyFactoryBeanTests" time="0.045"/>
  <testcase name="testTargetAsInnerBean()" classname="org.springframework.aop.framework.ProxyFactoryBeanTests" time="0.043"/>
  <testcase name="testCanAddAndRemoveAspectInterfacesOnPrototype()" classname="org.springframework.aop.framework.ProxyFactoryBeanTests" time="0.017"/>
  <testcase name="testGlobalsCanAddAspectInterfaces()" classname="org.springframework.aop.framework.ProxyFactoryBeanTests" time="0.03"/>
  <testcase name="testAutoInvoker()" classname="org.springframework.aop.framework.ProxyFactoryBeanTests" time="0.02"/>
  <testcase name="testPrototypeInterceptorSingletonTarget()" classname="org.springframework.aop.framework.ProxyFactoryBeanTests" time="0.027"/>
  <testcase name="testSerializableSingletonProxy()" classname="org.springframework.aop.framework.ProxyFactoryBeanTests" time="0.027"/>
  <testcase name="testCanGetFactoryReferenceAndManipulate()" classname="org.springframework.aop.framework.ProxyFactoryBeanTests" time="0.024"/>
  <testcase name="testIsDynamicProxyWhenInterfaceSpecified()" classname="org.springframework.aop.framework.ProxyFactoryBeanTests" time="0.011"/>
  <testcase name="testDoubleTargetSourcesAreRejected()" classname="org.springframework.aop.framework.ProxyFactoryBeanTests" time="0.075"/>
  <testcase name="testSerializablePrototypeProxy()" classname="org.springframework.aop.framework.ProxyFactoryBeanTests" time="0.044"/>
  <testcase name="testIsDynamicProxyWhenAutodetectingInterfaces()" classname="org.springframework.aop.framework.ProxyFactoryBeanTests" time="0.015"/>
  <testcase name="testCglibPrototypeInstance()" classname="org.springframework.aop.framework.ProxyFactoryBeanTests" time="0.077"/>
  <testcase name="testEmptyInterceptorNames()" classname="org.springframework.aop.framework.ProxyFactoryBeanTests" time="0.037"/>
  <testcase name="testGetObjectTypeWithTargetViaTargetSource()" classname="org.springframework.aop.framework.ProxyFactoryBeanTests" time="0.048"/>
  <testcase name="testGetObjectTypeWithDirectTarget()" classname="org.springframework.aop.framework.ProxyFactoryBeanTests" time="0.047"/>
  <testcase name="testProxyNotSerializableBecauseOfAdvice()" classname="org.springframework.aop.framework.ProxyFactoryBeanTests" time="0.023"/>
  <testcase name="testMethodPointcuts()" classname="org.springframework.aop.framework.ProxyFactoryBeanTests" time="0.017"/>
  <testcase name="testCanAddAndRemoveAdvicesOnSingleton()" classname="org.springframework.aop.framework.ProxyFactoryBeanTests" time="0.011"/>
  <testcase name="testCanAddThrowsAdviceWithoutAdvisor()" classname="org.springframework.aop.framework.ProxyFactoryBeanTests" time="0.073"/>
  <testcase name="testPrototypeInstancesAreNotEqual()" classname="org.springframework.aop.framework.ProxyFactoryBeanTests" time="0.013"/>
  <testcase name="testFrozenFactoryBean()" classname="org.springframework.aop.framework.ProxyFactoryBeanTests" time="0.051"/>
  <system-out><![CDATA[]]></system-out>
  <system-err><![CDATA[]]></system-err>
</testsuite>
