<?xml version="1.0" encoding="UTF-8"?>
<testsuite name="org.springframework.scheduling.annotation.AsyncResultTests" tests="4" skipped="0" failures="0" errors="0" timestamp="2021-01-22T01:38:51" hostname="SUPERMAN" time="0.015">
  <properties/>
  <testcase name="asyncResultWithSeparateCallbacksAndValue()" classname="org.springframework.scheduling.annotation.AsyncResultTests" time="0.002"/>
  <testcase name="asyncResultWithCallbackAndValue()" classname="org.springframework.scheduling.annotation.AsyncResultTests" time="0.004"/>
  <testcase name="asyncResultWithCallbackAndException()" classname="org.springframework.scheduling.annotation.AsyncResultTests" time="0.008"/>
  <testcase name="asyncResultWithSeparateCallbacksAndException()" classname="org.springframework.scheduling.annotation.AsyncResultTests" time="0.001"/>
  <system-out><![CDATA[]]></system-out>
  <system-err><![CDATA[]]></system-err>
</testsuite>
