<?xml version="1.0" encoding="UTF-8"?>
<testsuite name="org.springframework.aop.aspectj.autoproxy.AnnotationPointcutTests" tests="2" skipped="0" failures="0" errors="0" timestamp="2021-01-22T01:37:10" hostname="SUPERMAN" time="0.115">
  <properties/>
  <testcase name="testAnnotationBindingInAroundAdvice()" classname="org.springframework.aop.aspectj.autoproxy.AnnotationPointcutTests" time="0.081"/>
  <testcase name="testNoMatchingWithoutAnnotationPresent()" classname="org.springframework.aop.aspectj.autoproxy.AnnotationPointcutTests" time="0.033"/>
  <system-out><![CDATA[]]></system-out>
  <system-err><![CDATA[]]></system-err>
</testsuite>
