<?xml version="1.0" encoding="UTF-8"?>
<testsuite name="org.springframework.context.support.EnvironmentSecurityManagerIntegrationTests" tests="2" skipped="0" failures="0" errors="0" timestamp="2021-01-22T01:38:37" hostname="SUPERMAN" time="0.035">
  <properties/>
  <testcase name="securityManagerDisallowsAccessToSystemEnvironmentAndDisallowsAccessToIndividualKey()" classname="org.springframework.context.support.EnvironmentSecurityManagerIntegrationTests" time="0.033"/>
  <testcase name="securityManagerDisallowsAccessToSystemEnvironmentButAllowsAccessToIndividualKeys()" classname="org.springframework.context.support.EnvironmentSecurityManagerIntegrationTests" time="0.002"/>
  <system-out><![CDATA[]]></system-out>
  <system-err><![CDATA[]]></system-err>
</testsuite>
