<?xml version="1.0" encoding="UTF-8"?>
<testsuite name="org.springframework.context.annotation.configuration.ScopingTests" tests="6" skipped="0" failures="0" errors="0" timestamp="2021-01-22T01:38:21" hostname="SUPERMAN" time="0.066">
  <properties/>
  <testcase name="testRawScopes()" classname="org.springframework.context.annotation.configuration.ScopingTests" time="0.021"/>
  <testcase name="testScopedProxyConfigurationWithClasses()" classname="org.springframework.context.annotation.configuration.ScopingTests" time="0.013"/>
  <testcase name="testScopedProxyConfiguration()" classname="org.springframework.context.annotation.configuration.ScopingTests" time="0.008"/>
  <testcase name="testScopeOnClasses()" classname="org.springframework.context.annotation.configuration.ScopingTests" time="0.008"/>
  <testcase name="testScopeOnInterfaces()" classname="org.springframework.context.annotation.configuration.ScopingTests" time="0.006"/>
  <testcase name="testSameScopeOnDifferentBeans()" classname="org.springframework.context.annotation.configuration.ScopingTests" time="0.009"/>
  <system-out><![CDATA[]]></system-out>
  <system-err><![CDATA[]]></system-err>
</testsuite>
