<?xml version="1.0" encoding="UTF-8"?>
<testsuite name="org.springframework.jmx.export.assembler.MethodNameBasedMBeanInfoAssemblerTests" tests="15" skipped="0" failures="0" errors="0" timestamp="2021-01-22T01:38:49" hostname="SUPERMAN" time="0.388">
  <properties/>
  <testcase name="testDescriptionNotNull()" classname="org.springframework.jmx.export.assembler.MethodNameBasedMBeanInfoAssemblerTests" time="0.051"/>
  <testcase name="testGetMBeanAttributeInfo()" classname="org.springframework.jmx.export.assembler.MethodNameBasedMBeanInfoAssemblerTests" time="0.011"/>
  <testcase name="testSetAttribute()" classname="org.springframework.jmx.export.assembler.MethodNameBasedMBeanInfoAssemblerTests" time="0.021"/>
  <testcase name="testAttributeInfoHasDescriptors()" classname="org.springframework.jmx.export.assembler.MethodNameBasedMBeanInfoAssemblerTests" time="0.044"/>
  <testcase name="testGetMBeanInfo()" classname="org.springframework.jmx.export.assembler.MethodNameBasedMBeanInfoAssemblerTests" time="0.013"/>
  <testcase name="testGetMBeanOperationInfo()" classname="org.springframework.jmx.export.assembler.MethodNameBasedMBeanInfoAssemblerTests" time="0.012"/>
  <testcase name="testRegisterOperations()" classname="org.springframework.jmx.export.assembler.MethodNameBasedMBeanInfoAssemblerTests" time="0.065"/>
  <testcase name="testRegisterAttributes()" classname="org.springframework.jmx.export.assembler.MethodNameBasedMBeanInfoAssemblerTests" time="0.018"/>
  <testcase name="testNotificationMetadata()" classname="org.springframework.jmx.export.assembler.MethodNameBasedMBeanInfoAssemblerTests" time="0.016"/>
  <testcase name="testAttributeHasCorrespondingOperations()" classname="org.springframework.jmx.export.assembler.MethodNameBasedMBeanInfoAssemblerTests" time="0.033"/>
  <testcase name="testMBeanRegistration()" classname="org.springframework.jmx.export.assembler.MethodNameBasedMBeanInfoAssemblerTests" time="0.051"/>
  <testcase name="testGetAttribute()" classname="org.springframework.jmx.export.assembler.MethodNameBasedMBeanInfoAssemblerTests" time="0.012"/>
  <testcase name="testOperationInvocation()" classname="org.springframework.jmx.export.assembler.MethodNameBasedMBeanInfoAssemblerTests" time="0.011"/>
  <testcase name="testGetAgeIsReadOnly()" classname="org.springframework.jmx.export.assembler.MethodNameBasedMBeanInfoAssemblerTests" time="0.015"/>
  <testcase name="testSetNameParameterIsNamed()" classname="org.springframework.jmx.export.assembler.MethodNameBasedMBeanInfoAssemblerTests" time="0.01"/>
  <system-out><![CDATA[]]></system-out>
  <system-err><![CDATA[]]></system-err>
</testsuite>
