<?xml version="1.0" encoding="UTF-8"?>
<testsuite name="org.springframework.context.annotation.configuration.PackagePrivateBeanMethodInheritanceTests" tests="2" skipped="0" failures="0" errors="0" timestamp="2021-01-22T01:38:21" hostname="SUPERMAN" time="0.033">
  <properties/>
  <testcase name="workaround()" classname="org.springframework.context.annotation.configuration.PackagePrivateBeanMethodInheritanceTests" time="0.016"/>
  <testcase name="repro()" classname="org.springframework.context.annotation.configuration.PackagePrivateBeanMethodInheritanceTests" time="0.017"/>
  <system-out><![CDATA[]]></system-out>
  <system-err><![CDATA[]]></system-err>
</testsuite>
