<?xml version="1.0" encoding="UTF-8"?>
<testsuite name="org.springframework.ejb.access.SimpleRemoteSlsbInvokerInterceptorTests" tests="16" skipped="0" failures="0" errors="0" timestamp="2021-01-22T01:38:40" hostname="SUPERMAN" time="0.158">
  <properties/>
  <testcase name="testInvokesMethodOnEjbInstanceWithBusinessInterfaceWithRemoteException()" classname="org.springframework.ejb.access.SimpleRemoteSlsbInvokerInterceptorTests" time="0.09"/>
  <testcase name="testInvokesMethodOnEjbInstance()" classname="org.springframework.ejb.access.SimpleRemoteSlsbInvokerInterceptorTests" time="0.006"/>
  <testcase name="testRemoteException()" classname="org.springframework.ejb.access.SimpleRemoteSlsbInvokerInterceptorTests" time="0.002"/>
  <testcase name="testPerformsLookupWithAccessContext()" classname="org.springframework.ejb.access.SimpleRemoteSlsbInvokerInterceptorTests" time="0.001"/>
  <testcase name="testInvokesMethodOnEjbInstanceWithNoCache()" classname="org.springframework.ejb.access.SimpleRemoteSlsbInvokerInterceptorTests" time="0.01"/>
  <testcase name="testApplicationException()" classname="org.springframework.ejb.access.SimpleRemoteSlsbInvokerInterceptorTests" time="0.006"/>
  <testcase name="testPerformsLookup()" classname="org.springframework.ejb.access.SimpleRemoteSlsbInvokerInterceptorTests" time="0.002"/>
  <testcase name="testInvokesMethodOnEjbInstanceWithConnectExceptionWithRefreshAndNoCache()" classname="org.springframework.ejb.access.SimpleRemoteSlsbInvokerInterceptorTests" time="0.004"/>
  <testcase name="testInvokesMethodOnEjbInstanceWithConnectExceptionWithRefreshAndLazyLookup()" classname="org.springframework.ejb.access.SimpleRemoteSlsbInvokerInterceptorTests" time="0.004"/>
  <testcase name="testInvokesMethodOnEjbInstanceWithConnectExceptionWithRefresh()" classname="org.springframework.ejb.access.SimpleRemoteSlsbInvokerInterceptorTests" time="0.004"/>
  <testcase name="testInvokesMethodOnEjbInstanceWithLazyLookupAndNoCache()" classname="org.springframework.ejb.access.SimpleRemoteSlsbInvokerInterceptorTests" time="0.002"/>
  <testcase name="testInvokesMethodOnEjbInstanceWithRemoteException()" classname="org.springframework.ejb.access.SimpleRemoteSlsbInvokerInterceptorTests" time="0.004"/>
  <testcase name="testInvokesMethodOnEjbInstanceWithLazyLookup()" classname="org.springframework.ejb.access.SimpleRemoteSlsbInvokerInterceptorTests" time="0.004"/>
  <testcase name="testLookupFailure()" classname="org.springframework.ejb.access.SimpleRemoteSlsbInvokerInterceptorTests" time="0.001"/>
  <testcase name="testInvokesMethodOnEjbInstanceWithConnectExceptionWithRefreshAndLazyLookupAndNoCache()" classname="org.springframework.ejb.access.SimpleRemoteSlsbInvokerInterceptorTests" time="0.01"/>
  <testcase name="testInvokesMethodOnEjbInstanceWithBusinessInterface()" classname="org.springframework.ejb.access.SimpleRemoteSlsbInvokerInterceptorTests" time="0.002"/>
  <system-out><![CDATA[]]></system-out>
  <system-err><![CDATA[]]></system-err>
</testsuite>
