<?xml version="1.0" encoding="UTF-8"?>
<testsuite name="org.springframework.context.annotation.DeferredImportSelectorTests" tests="4" skipped="0" failures="0" errors="0" timestamp="2021-01-22T01:38:23" hostname="SUPERMAN" time="0.107">
  <properties/>
  <testcase name="entryEqualSameMetadataAnDifferentClassName()" classname="org.springframework.context.annotation.DeferredImportSelectorTests" time="0.106"/>
  <testcase name="entryEqualsSameInstance()" classname="org.springframework.context.annotation.DeferredImportSelectorTests" time="0.0"/>
  <testcase name="entryEqualsSameMetadataAndClassName()" classname="org.springframework.context.annotation.DeferredImportSelectorTests" time="0.0"/>
  <testcase name="entryEqualDifferentMetadataAndSameClassName()" classname="org.springframework.context.annotation.DeferredImportSelectorTests" time="0.0"/>
  <system-out><![CDATA[]]></system-out>
  <system-err><![CDATA[]]></system-err>
</testsuite>
