<?xml version="1.0" encoding="UTF-8"?>
<testsuite name="org.springframework.aop.aspectj.AspectAndAdvicePrecedenceTests" tests="1" skipped="0" failures="0" errors="0" timestamp="2021-01-22T01:37:09" hostname="SUPERMAN" time="0.171">
  <properties/>
  <testcase name="testAdviceOrder()" classname="org.springframework.aop.aspectj.AspectAndAdvicePrecedenceTests" time="0.171"/>
  <system-out><![CDATA[]]></system-out>
  <system-err><![CDATA[]]></system-err>
</testsuite>
