<?xml version="1.0" encoding="UTF-8"?>
<testsuite name="org.springframework.context.annotation.configuration.spr8955.Spr8955Tests" tests="1" skipped="0" failures="0" errors="0" timestamp="2021-01-22T01:38:22" hostname="SUPERMAN" time="0.025">
  <properties/>
  <testcase name="repro()" classname="org.springframework.context.annotation.configuration.spr8955.Spr8955Tests" time="0.025"/>
  <system-out><![CDATA[]]></system-out>
  <system-err><![CDATA[]]></system-err>
</testsuite>
